=======================================================
***acc                       = 23.0 
***continue_from             = models/deepspeech_3.pth.tar 
***save_folder               = models/ 
***start_epoch               = -1 
***checkpoint                = True 
***seed                      = 1 
***model_path                = models/deepspeech_t1.pth.tar 
=======================================================
Directory already exists.
Using bs=8 for validation. Parameter found was 8
Loading checkpoint model models/deepspeech_3.pth.tar
tensor([ 1.4222e+02,  8.0509e+01,  6.2070e+01,  0.0000e+00,         nan,
         4.5839e-41,  1.8617e+25,  4.0690e+31,  2.9865e+28,  4.5839e-41])
DataParallel(
  (module): DeepSpeech(
    (conv): Sequential(
      (0): Conv2d(1, 32, kernel_size=(41, 11), stride=(2, 2))
      (1): BatchNorm2d(32, eps=1e-05, momentum=0.1, affine=True, track_running_stats=True)
      (2): Hardtanh(min_val=0, max_val=20, inplace)
      (3): Conv2d(32, 32, kernel_size=(21, 11), stride=(2, 1))
      (4): BatchNorm2d(32, eps=1e-05, momentum=0.1, affine=True, track_running_stats=True)
      (5): Hardtanh(min_val=0, max_val=20, inplace)
    )
    (rnns): Sequential(
      (0): BatchRNN(
        (rnn): GRU(672, 2560)
      )
      (1): BatchRNN(
        (rnn): GRU(2560, 2560)
      )
      (2): BatchRNN(
        (rnn): GRU(2560, 2560)
      )
    )
    (fc): Sequential(
      (0): SequenceWise (
      Sequential(
        (0): BatchNorm1d(2560, eps=1e-05, momentum=0.1, affine=True, track_running_stats=True)
        (1): Linear(in_features=2560, out_features=29, bias=False)
      ))
    )
    (inference_log_softmax): InferenceBatchLogSoftmax()
  )
)
Number of parameters: 103841568
Epoch: [4][1/2198]	Time 21.969 (21.969)	Data 10.307 (10.307)	CTC Time 0.015 (0.015)	Loss 13.4854 (13.4854)	
Epoch: [4][2/2198]	Time 0.794 (11.382)	Data 0.003 (5.155)	CTC Time 0.238 (0.127)	Loss 12.3846 (12.9350)	
Epoch: [4][3/2198]	Time 9.261 (10.675)	Data 8.440 (6.250)	CTC Time 0.258 (0.171)	Loss 14.6229 (13.4977)	
Epoch: [4][4/2198]	Time 10.485 (10.627)	Data 9.626 (7.094)	CTC Time 0.273 (0.196)	Loss 15.5817 (14.0187)	
Epoch: [4][5/2198]	Time 10.558 (10.613)	Data 9.679 (7.611)	CTC Time 0.281 (0.213)	Loss 16.7918 (14.5733)	
Epoch: [4][6/2198]	Time 10.660 (10.621)	Data 9.757 (7.969)	CTC Time 0.298 (0.227)	Loss 16.0994 (14.8277)	
Epoch: [4][7/2198]	Time 10.643 (10.624)	Data 9.745 (8.223)	CTC Time 0.286 (0.236)	Loss 13.0381 (14.5720)	
Epoch: [4][8/2198]	Time 10.695 (10.633)	Data 9.776 (8.417)	CTC Time 0.295 (0.243)	Loss 14.1807 (14.5231)	
Epoch: [4][9/2198]	Time 10.691 (10.640)	Data 9.763 (8.566)	CTC Time 0.299 (0.249)	Loss 16.1762 (14.7068)	
Epoch: [4][10/2198]	Time 10.901 (10.666)	Data 9.770 (8.687)	CTC Time 0.146 (0.239)	Loss 16.5284 (14.8889)	
Epoch: [4][11/2198]	Time 11.104 (10.706)	Data 9.574 (8.767)	CTC Time 0.082 (0.225)	Loss 15.6416 (14.9574)	
Epoch: [4][12/2198]	Time 10.109 (10.656)	Data 9.162 (8.800)	CTC Time 0.300 (0.231)	Loss 17.3539 (15.1571)	
Epoch: [4][13/2198]	Time 10.745 (10.663)	Data 9.788 (8.876)	CTC Time 0.307 (0.237)	Loss 15.9732 (15.2198)	
Epoch: [4][14/2198]	Time 10.744 (10.668)	Data 9.766 (8.940)	CTC Time 0.315 (0.242)	Loss 15.7984 (15.2612)	
Epoch: [4][15/2198]	Time 10.760 (10.675)	Data 9.758 (8.994)	CTC Time 0.326 (0.248)	Loss 14.4362 (15.2062)	
Epoch: [4][16/2198]	Time 10.722 (10.678)	Data 9.733 (9.040)	CTC Time 0.339 (0.254)	Loss 15.3894 (15.2176)	
Epoch: [4][17/2198]	Time 10.776 (10.683)	Data 9.776 (9.084)	CTC Time 0.319 (0.258)	Loss 16.5313 (15.2949)	
Epoch: [4][18/2198]	Time 10.852 (10.693)	Data 9.763 (9.121)	CTC Time 0.188 (0.254)	Loss 15.8674 (15.3267)	
Epoch: [4][19/2198]	Time 10.693 (10.693)	Data 9.674 (9.151)	CTC Time 0.359 (0.259)	Loss 16.1577 (15.3704)	
Epoch: [4][20/2198]	Time 10.779 (10.697)	Data 9.758 (9.181)	CTC Time 0.327 (0.263)	Loss 14.6284 (15.3333)	
Epoch: [4][21/2198]	Time 10.784 (10.701)	Data 9.756 (9.208)	CTC Time 0.326 (0.266)	Loss 16.1435 (15.3719)	
Epoch: [4][22/2198]	Time 11.405 (10.733)	Data 9.757 (9.233)	CTC Time 0.227 (0.264)	Loss 16.2890 (15.4136)	
Epoch: [4][23/2198]	Time 10.185 (10.709)	Data 9.137 (9.229)	CTC Time 0.370 (0.269)	Loss 16.1453 (15.4454)	
Epoch: [4][24/2198]	Time 10.895 (10.717)	Data 9.843 (9.255)	CTC Time 0.337 (0.271)	Loss 15.6426 (15.4536)	
Epoch: [4][25/2198]	Time 10.917 (10.725)	Data 9.863 (9.279)	CTC Time 0.338 (0.274)	Loss 15.1816 (15.4427)	
Epoch: [4][26/2198]	Time 10.915 (10.732)	Data 9.853 (9.301)	CTC Time 0.367 (0.278)	Loss 14.0294 (15.3884)	
Epoch: [4][27/2198]	Time 10.898 (10.739)	Data 9.826 (9.320)	CTC Time 0.374 (0.281)	Loss 17.9621 (15.4837)	
Epoch: [4][28/2198]	Time 11.124 (10.752)	Data 9.937 (9.342)	CTC Time 0.175 (0.277)	Loss 13.3104 (15.4061)	
Epoch: [4][29/2198]	Time 10.909 (10.758)	Data 9.827 (9.359)	CTC Time 0.347 (0.280)	Loss 16.4490 (15.4421)	
Epoch: [4][30/2198]	Time 11.018 (10.766)	Data 9.938 (9.378)	CTC Time 0.374 (0.283)	Loss 16.3791 (15.4733)	
Epoch: [4][31/2198]	Time 11.129 (10.778)	Data 10.041 (9.400)	CTC Time 0.351 (0.285)	Loss 15.7266 (15.4815)	
Epoch: [4][32/2198]	Time 11.151 (10.790)	Data 10.038 (9.420)	CTC Time 0.361 (0.287)	Loss 17.5908 (15.5474)	
Epoch: [4][33/2198]	Time 11.598 (10.814)	Data 10.029 (9.438)	CTC Time 0.105 (0.282)	Loss 17.1490 (15.5959)	
Epoch: [4][34/2198]	Time 10.679 (10.810)	Data 9.569 (9.442)	CTC Time 0.358 (0.284)	Loss 17.1120 (15.6405)	
Epoch: [4][35/2198]	Time 11.277 (10.824)	Data 10.051 (9.459)	CTC Time 0.231 (0.283)	Loss 16.7706 (15.6728)	
Epoch: [4][36/2198]	Time 11.080 (10.831)	Data 9.939 (9.473)	CTC Time 0.373 (0.285)	Loss 18.5212 (15.7519)	
Epoch: [4][37/2198]	Time 11.152 (10.839)	Data 10.022 (9.488)	CTC Time 0.389 (0.288)	Loss 16.5466 (15.7734)	
Epoch: [4][38/2198]	Time 11.176 (10.848)	Data 10.042 (9.502)	CTC Time 0.363 (0.290)	Loss 18.8033 (15.8531)	
Epoch: [4][39/2198]	Time 11.178 (10.857)	Data 10.032 (9.516)	CTC Time 0.401 (0.293)	Loss 16.7110 (15.8751)	
Epoch: [4][40/2198]	Time 11.308 (10.868)	Data 10.146 (9.532)	CTC Time 0.380 (0.295)	Loss 16.1031 (15.8808)	
Epoch: [4][41/2198]	Time 11.286 (10.878)	Data 10.123 (9.546)	CTC Time 0.375 (0.297)	Loss 18.1408 (15.9359)	
Epoch: [4][42/2198]	Time 12.015 (10.905)	Data 10.126 (9.560)	CTC Time 0.110 (0.292)	Loss 14.5090 (15.9020)	
Epoch: [4][43/2198]	Time 10.592 (10.898)	Data 9.418 (9.557)	CTC Time 0.410 (0.295)	Loss 18.3174 (15.9581)	
Epoch: [4][44/2198]	Time 11.412 (10.910)	Data 10.233 (9.572)	CTC Time 0.336 (0.296)	Loss 17.9162 (16.0026)	
Epoch: [4][45/2198]	Time 11.421 (10.921)	Data 10.233 (9.587)	CTC Time 0.320 (0.297)	Loss 16.9632 (16.0240)	
Epoch: [4][46/2198]	Time 11.418 (10.932)	Data 10.236 (9.601)	CTC Time 0.313 (0.297)	Loss 18.6186 (16.0804)	
Epoch: [4][47/2198]	Time 11.435 (10.942)	Data 10.239 (9.614)	CTC Time 0.322 (0.298)	Loss 16.2636 (16.0843)	
Epoch: [4][48/2198]	Time 11.451 (10.953)	Data 10.243 (9.627)	CTC Time 0.324 (0.298)	Loss 16.8867 (16.1010)	
Epoch: [4][49/2198]	Time 11.584 (10.966)	Data 10.225 (9.640)	CTC Time 0.280 (0.298)	Loss 16.8264 (16.1158)	
Epoch: [4][50/2198]	Time 11.309 (10.973)	Data 10.100 (9.649)	CTC Time 0.315 (0.298)	Loss 17.8088 (16.1497)	
Epoch: [4][51/2198]	Time 11.793 (10.989)	Data 10.263 (9.661)	CTC Time 0.118 (0.295)	Loss 17.6167 (16.1784)	
Epoch: [4][52/2198]	Time 11.154 (10.992)	Data 9.922 (9.666)	CTC Time 0.321 (0.295)	Loss 18.7043 (16.2270)	
Epoch: [4][53/2198]	Time 11.783 (11.007)	Data 10.350 (9.679)	CTC Time 0.278 (0.295)	Loss 19.0867 (16.2810)	
Epoch: [4][54/2198]	Time 11.380 (11.014)	Data 10.140 (9.687)	CTC Time 0.317 (0.295)	Loss 17.3277 (16.3003)	
Epoch: [4][55/2198]	Time 11.598 (11.024)	Data 10.349 (9.699)	CTC Time 0.325 (0.296)	Loss 18.3666 (16.3379)	
Epoch: [4][56/2198]	Time 11.579 (11.034)	Data 10.328 (9.711)	CTC Time 0.323 (0.296)	Loss 19.4218 (16.3930)	
Epoch: [4][57/2198]	Time 11.722 (11.046)	Data 10.461 (9.724)	CTC Time 0.322 (0.297)	Loss 18.8763 (16.4366)	
Epoch: [4][58/2198]	Time 11.760 (11.059)	Data 10.451 (9.736)	CTC Time 0.256 (0.296)	Loss 16.9312 (16.4451)	
Epoch: [4][59/2198]	Time 11.671 (11.069)	Data 10.406 (9.748)	CTC Time 0.325 (0.296)	Loss 19.5996 (16.4985)	
Epoch: [4][60/2198]	Time 11.845 (11.082)	Data 10.563 (9.761)	CTC Time 0.325 (0.297)	Loss 19.0873 (16.5417)	
Epoch: [4][61/2198]	Time 11.832 (11.094)	Data 10.554 (9.774)	CTC Time 0.322 (0.297)	Loss 19.1184 (16.5839)	
Epoch: [4][62/2198]	Time 12.266 (11.113)	Data 10.570 (9.787)	CTC Time 0.222 (0.296)	Loss 20.5298 (16.6476)	
Epoch: [4][63/2198]	Time 11.442 (11.118)	Data 10.156 (9.793)	CTC Time 0.324 (0.297)	Loss 21.4692 (16.7241)	
Epoch: [4][64/2198]	Time 12.160 (11.135)	Data 10.640 (9.806)	CTC Time 0.224 (0.295)	Loss 20.5228 (16.7835)	
Epoch: [4][65/2198]	Time 11.975 (11.148)	Data 10.488 (9.817)	CTC Time 0.127 (0.293)	Loss 18.8745 (16.8156)	
Epoch: [4][66/2198]	Time 11.803 (11.158)	Data 10.495 (9.827)	CTC Time 0.322 (0.293)	Loss 18.8128 (16.8459)	
Epoch: [4][67/2198]	Time 11.984 (11.170)	Data 10.667 (9.839)	CTC Time 0.324 (0.294)	Loss 18.5319 (16.8711)	
Epoch: [4][68/2198]	Time 12.000 (11.182)	Data 10.668 (9.852)	CTC Time 0.326 (0.294)	Loss 17.6111 (16.8819)	
Epoch: [4][69/2198]	Time 12.314 (11.199)	Data 10.658 (9.863)	CTC Time 0.127 (0.292)	Loss 19.3006 (16.9170)	
Epoch: [4][70/2198]	Time 11.986 (11.210)	Data 10.339 (9.870)	CTC Time 0.310 (0.292)	Loss 22.3598 (16.9948)	
Epoch: [4][71/2198]	Time 11.710 (11.217)	Data 10.372 (9.877)	CTC Time 0.327 (0.293)	Loss 22.2145 (17.0683)	
Epoch: [4][72/2198]	Time 12.012 (11.228)	Data 10.671 (9.888)	CTC Time 0.329 (0.293)	Loss 20.6734 (17.1183)	
Epoch: [4][73/2198]	Time 12.154 (11.241)	Data 10.805 (9.901)	CTC Time 0.325 (0.293)	Loss 20.6599 (17.1669)	
Epoch: [4][74/2198]	Time 12.159 (11.253)	Data 10.810 (9.913)	CTC Time 0.325 (0.294)	Loss 21.7043 (17.2282)	
Epoch: [4][75/2198]	Time 12.280 (11.267)	Data 10.925 (9.927)	CTC Time 0.330 (0.294)	Loss 22.5971 (17.2998)	
Epoch: [4][76/2198]	Time 12.313 (11.280)	Data 10.931 (9.940)	CTC Time 0.331 (0.295)	Loss 17.5387 (17.3029)	
Epoch: [4][77/2198]	Time 12.265 (11.293)	Data 10.900 (9.952)	CTC Time 0.326 (0.295)	Loss 18.8952 (17.3236)	
Epoch: [4][78/2198]	Time 12.378 (11.307)	Data 10.927 (9.965)	CTC Time 0.242 (0.295)	Loss 21.9662 (17.3831)	
Epoch: [4][79/2198]	Time 12.254 (11.319)	Data 10.857 (9.976)	CTC Time 0.332 (0.295)	Loss 20.8750 (17.4273)	
Epoch: [4][80/2198]	Time 12.710 (11.337)	Data 11.031 (9.989)	CTC Time 0.142 (0.293)	Loss 18.5276 (17.4411)	
Epoch: [4][81/2198]	Time 12.481 (11.351)	Data 10.758 (9.999)	CTC Time 0.257 (0.293)	Loss 19.5218 (17.4667)	
Epoch: [4][82/2198]	Time 12.099 (11.360)	Data 10.700 (10.007)	CTC Time 0.328 (0.293)	Loss 18.9124 (17.4844)	
Epoch: [4][83/2198]	Time 12.502 (11.374)	Data 11.023 (10.019)	CTC Time 0.254 (0.293)	Loss 21.3246 (17.5306)	
Epoch: [4][84/2198]	Time 12.386 (11.386)	Data 10.966 (10.031)	CTC Time 0.330 (0.293)	Loss 20.1732 (17.5621)	
Epoch: [4][85/2198]	Time 12.441 (11.398)	Data 11.030 (10.042)	CTC Time 0.330 (0.294)	Loss 20.1198 (17.5922)	
Epoch: [4][86/2198]	Time 12.738 (11.414)	Data 11.029 (10.054)	CTC Time 0.234 (0.293)	Loss 20.2079 (17.6226)	
Epoch: [4][87/2198]	Time 12.407 (11.425)	Data 10.748 (10.062)	CTC Time 0.264 (0.293)	Loss 20.4305 (17.6549)	
Epoch: [4][88/2198]	Time 12.249 (11.434)	Data 10.815 (10.070)	CTC Time 0.331 (0.293)	Loss 21.9409 (17.7036)	
Epoch: [4][89/2198]	Time 12.730 (11.449)	Data 11.228 (10.083)	CTC Time 0.333 (0.293)	Loss 19.4096 (17.7228)	
Epoch: [4][90/2198]	Time 12.568 (11.461)	Data 11.110 (10.095)	CTC Time 0.334 (0.294)	Loss 22.4902 (17.7757)	
Epoch: [4][91/2198]	Time 12.629 (11.474)	Data 11.165 (10.107)	CTC Time 0.333 (0.294)	Loss 23.7068 (17.8409)	
Epoch: [4][92/2198]	Time 12.637 (11.487)	Data 11.163 (10.118)	CTC Time 0.333 (0.295)	Loss 18.3283 (17.8462)	
Epoch: [4][93/2198]	Time 12.912 (11.502)	Data 11.138 (10.129)	CTC Time 0.245 (0.294)	Loss 24.1907 (17.9144)	
Epoch: [4][94/2198]	Time 12.652 (11.514)	Data 10.881 (10.137)	CTC Time 0.268 (0.294)	Loss 23.3923 (17.9727)	
Epoch: [4][95/2198]	Time 12.399 (11.524)	Data 10.905 (10.145)	CTC Time 0.333 (0.294)	Loss 20.9336 (18.0039)	
Epoch: [4][96/2198]	Time 12.664 (11.536)	Data 11.170 (10.156)	CTC Time 0.336 (0.295)	Loss 21.1543 (18.0367)	
Epoch: [4][97/2198]	Time 12.671 (11.547)	Data 11.169 (10.166)	CTC Time 0.337 (0.295)	Loss 20.6865 (18.0640)	
Epoch: [4][98/2198]	Time 12.658 (11.559)	Data 11.149 (10.176)	CTC Time 0.340 (0.296)	Loss 21.4090 (18.0981)	
Epoch: [4][99/2198]	Time 12.666 (11.570)	Data 11.167 (10.186)	CTC Time 0.335 (0.296)	Loss 21.0126 (18.1276)	
Epoch: [4][100/2198]	Time 13.022 (11.584)	Data 11.160 (10.196)	CTC Time 0.335 (0.296)	Loss 21.1340 (18.1576)	
Epoch: [4][101/2198]	Time 12.339 (11.592)	Data 10.823 (10.202)	CTC Time 0.339 (0.297)	Loss 21.2647 (18.1884)	
Epoch: [4][102/2198]	Time 12.887 (11.604)	Data 11.175 (10.212)	CTC Time 0.336 (0.297)	Loss 21.5901 (18.2217)	
Epoch: [4][103/2198]	Time 12.502 (11.613)	Data 10.975 (10.219)	CTC Time 0.337 (0.298)	Loss 21.3230 (18.2519)	
Epoch: [4][104/2198]	Time 12.716 (11.624)	Data 11.187 (10.229)	CTC Time 0.336 (0.298)	Loss 22.9427 (18.2970)	
Epoch: [4][105/2198]	Time 12.947 (11.636)	Data 11.191 (10.238)	CTC Time 0.288 (0.298)	Loss 22.4657 (18.3367)	
Epoch: [4][106/2198]	Time 12.486 (11.644)	Data 10.940 (10.244)	CTC Time 0.337 (0.298)	Loss 23.5680 (18.3860)	
Epoch: [4][107/2198]	Time 12.723 (11.654)	Data 11.168 (10.253)	CTC Time 0.339 (0.299)	Loss 23.1075 (18.4301)	
Epoch: [4][108/2198]	Time 12.723 (11.664)	Data 11.174 (10.261)	CTC Time 0.337 (0.299)	Loss 22.1088 (18.4642)	
Epoch: [4][109/2198]	Time 12.729 (11.674)	Data 11.156 (10.270)	CTC Time 0.344 (0.299)	Loss 24.6586 (18.5210)	
Epoch: [4][110/2198]	Time 13.243 (11.688)	Data 11.179 (10.278)	CTC Time 0.157 (0.298)	Loss 24.1415 (18.5721)	
Epoch: [4][111/2198]	Time 12.278 (11.694)	Data 10.702 (10.282)	CTC Time 0.341 (0.298)	Loss 22.8971 (18.6111)	
Epoch: [4][112/2198]	Time 12.772 (11.703)	Data 11.183 (10.290)	CTC Time 0.344 (0.299)	Loss 23.4751 (18.6545)	
Epoch: [4][113/2198]	Time 12.986 (11.715)	Data 11.186 (10.298)	CTC Time 0.161 (0.298)	Loss 25.5956 (18.7159)	
Epoch: [4][114/2198]	Time 12.545 (11.722)	Data 10.958 (10.304)	CTC Time 0.342 (0.298)	Loss 25.4550 (18.7751)	
Epoch: [4][115/2198]	Time 12.800 (11.731)	Data 11.210 (10.311)	CTC Time 0.341 (0.298)	Loss 23.2090 (18.8136)	
Epoch: [4][116/2198]	Time 13.385 (11.746)	Data 11.179 (10.319)	CTC Time 0.173 (0.297)	Loss 25.3062 (18.8696)	
Epoch: [4][117/2198]	Time 12.173 (11.749)	Data 10.561 (10.321)	CTC Time 0.342 (0.298)	Loss 24.5545 (18.9182)	
Epoch: [4][118/2198]	Time 12.818 (11.758)	Data 11.217 (10.329)	CTC Time 0.342 (0.298)	Loss 22.1884 (18.9459)	
Epoch: [4][119/2198]	Time 12.853 (11.768)	Data 11.224 (10.336)	CTC Time 0.343 (0.298)	Loss 25.5101 (19.0011)	
Epoch: [4][120/2198]	Time 12.827 (11.776)	Data 11.189 (10.343)	CTC Time 0.346 (0.299)	Loss 26.4539 (19.0632)	
Epoch: [4][121/2198]	Time 12.886 (11.786)	Data 11.177 (10.350)	CTC Time 0.300 (0.299)	Loss 23.9986 (19.1039)	
Epoch: [4][122/2198]	Time 13.533 (11.800)	Data 11.105 (10.356)	CTC Time 0.176 (0.298)	Loss 26.6827 (19.1661)	
Epoch: [4][123/2198]	Time 12.039 (11.802)	Data 10.389 (10.357)	CTC Time 0.347 (0.298)	Loss 23.7316 (19.2032)	
Epoch: [4][124/2198]	Time 12.845 (11.810)	Data 11.185 (10.363)	CTC Time 0.350 (0.299)	Loss 20.9160 (19.2170)	
Epoch: [4][125/2198]	Time 12.833 (11.818)	Data 11.191 (10.370)	CTC Time 0.345 (0.299)	Loss 24.4309 (19.2587)	
Epoch: [4][126/2198]	Time 13.041 (11.828)	Data 11.201 (10.376)	CTC Time 0.343 (0.299)	Loss 23.7045 (19.2940)	
Epoch: [4][127/2198]	Time 12.632 (11.834)	Data 10.952 (10.381)	CTC Time 0.352 (0.300)	Loss 25.2445 (19.3408)	
Epoch: [4][128/2198]	Time 12.905 (11.843)	Data 11.228 (10.388)	CTC Time 0.345 (0.300)	Loss 24.2864 (19.3795)	
Epoch: [4][129/2198]	Time 13.621 (11.857)	Data 11.195 (10.394)	CTC Time 0.297 (0.300)	Loss 23.4557 (19.4111)	
Epoch: [4][130/2198]	Time 12.135 (11.859)	Data 10.447 (10.394)	CTC Time 0.345 (0.301)	Loss 27.0015 (19.4695)	
Epoch: [4][131/2198]	Time 13.051 (11.868)	Data 11.195 (10.400)	CTC Time 0.341 (0.301)	Loss 26.5617 (19.5236)	
Epoch: [4][132/2198]	Time 12.729 (11.874)	Data 11.020 (10.405)	CTC Time 0.345 (0.301)	Loss 27.4290 (19.5835)	
Epoch: [4][133/2198]	Time 12.882 (11.882)	Data 11.171 (10.411)	CTC Time 0.344 (0.301)	Loss 26.4090 (19.6348)	
Epoch: [4][134/2198]	Time 12.879 (11.889)	Data 11.166 (10.416)	CTC Time 0.345 (0.302)	Loss 24.3376 (19.6699)	
Epoch: [4][135/2198]	Time 13.888 (11.904)	Data 11.180 (10.422)	CTC Time 0.315 (0.302)	Loss 21.9660 (19.6869)	
Epoch: [4][136/2198]	Time 11.917 (11.904)	Data 10.194 (10.420)	CTC Time 0.345 (0.302)	Loss 30.0297 (19.7630)	
Epoch: [4][137/2198]	Time 12.927 (11.912)	Data 11.195 (10.426)	CTC Time 0.347 (0.303)	Loss 27.3507 (19.8184)	
Epoch: [4][138/2198]	Time 12.963 (11.919)	Data 11.215 (10.432)	CTC Time 0.346 (0.303)	Loss 24.1557 (19.8498)	
Epoch: [4][139/2198]	Time 12.906 (11.926)	Data 11.170 (10.437)	CTC Time 0.343 (0.303)	Loss 23.7141 (19.8776)	
Epoch: [4][140/2198]	Time 13.052 (11.934)	Data 11.223 (10.443)	CTC Time 0.332 (0.303)	Loss 23.6142 (19.9043)	
Epoch: [4][141/2198]	Time 12.850 (11.941)	Data 11.101 (10.447)	CTC Time 0.347 (0.304)	Loss 26.0787 (19.9481)	
Epoch: [4][142/2198]	Time 13.524 (11.952)	Data 11.195 (10.453)	CTC Time 0.345 (0.304)	Loss 24.0820 (19.9772)	
Epoch: [4][143/2198]	Time 12.389 (11.955)	Data 10.617 (10.454)	CTC Time 0.346 (0.304)	Loss 27.3414 (20.0287)	
Epoch: [4][144/2198]	Time 13.024 (11.963)	Data 11.160 (10.459)	CTC Time 0.346 (0.305)	Loss 22.6906 (20.0472)	
Epoch: [4][145/2198]	Time 12.879 (11.969)	Data 11.091 (10.463)	CTC Time 0.346 (0.305)	Loss 24.4583 (20.0776)	
Epoch: [4][146/2198]	Time 12.985 (11.976)	Data 11.189 (10.468)	CTC Time 0.343 (0.305)	Loss 23.7378 (20.1027)	
Epoch: [4][147/2198]	Time 12.955 (11.983)	Data 11.162 (10.473)	CTC Time 0.347 (0.305)	Loss 28.4386 (20.1594)	
Epoch: [4][148/2198]	Time 12.997 (11.989)	Data 11.200 (10.478)	CTC Time 0.344 (0.306)	Loss 23.6859 (20.1832)	
Epoch: [4][149/2198]	Time 13.562 (12.000)	Data 11.189 (10.482)	CTC Time 0.345 (0.306)	Loss 26.7574 (20.2273)	
Epoch: [4][150/2198]	Time 12.513 (12.003)	Data 10.614 (10.483)	CTC Time 0.340 (0.306)	Loss 23.4379 (20.2487)	
Epoch: [4][151/2198]	Time 12.903 (12.009)	Data 11.090 (10.487)	CTC Time 0.345 (0.306)	Loss 27.0384 (20.2937)	
Epoch: [4][152/2198]	Time 13.007 (12.016)	Data 11.188 (10.492)	CTC Time 0.347 (0.307)	Loss 28.8137 (20.3497)	
Epoch: [4][153/2198]	Time 13.026 (12.022)	Data 11.191 (10.497)	CTC Time 0.347 (0.307)	Loss 26.1318 (20.3875)	
Epoch: [4][154/2198]	Time 13.674 (12.033)	Data 11.184 (10.501)	CTC Time 0.196 (0.306)	Loss 28.6802 (20.4414)	
Epoch: [4][155/2198]	Time 12.534 (12.036)	Data 10.506 (10.501)	CTC Time 0.345 (0.306)	Loss 26.4045 (20.4798)	
Epoch: [4][156/2198]	Time 12.847 (12.042)	Data 10.988 (10.504)	CTC Time 0.345 (0.307)	Loss 27.9015 (20.5274)	
Epoch: [4][157/2198]	Time 13.029 (12.048)	Data 11.174 (10.508)	CTC Time 0.343 (0.307)	Loss 25.1847 (20.5571)	
Epoch: [4][158/2198]	Time 13.053 (12.054)	Data 11.194 (10.513)	CTC Time 0.348 (0.307)	Loss 28.7501 (20.6089)	
Epoch: [4][159/2198]	Time 13.713 (12.065)	Data 11.171 (10.517)	CTC Time 0.204 (0.307)	Loss 27.5695 (20.6527)	
Epoch: [4][160/2198]	Time 12.467 (12.067)	Data 10.509 (10.517)	CTC Time 0.345 (0.307)	Loss 25.3524 (20.6821)	
Epoch: [4][161/2198]	Time 12.951 (12.073)	Data 11.078 (10.520)	CTC Time 0.340 (0.307)	Loss 27.3363 (20.7234)	
Epoch: [4][162/2198]	Time 13.059 (12.079)	Data 11.172 (10.524)	CTC Time 0.346 (0.307)	Loss 23.9477 (20.7433)	
Epoch: [4][163/2198]	Time 13.709 (12.089)	Data 11.160 (10.528)	CTC Time 0.201 (0.307)	Loss 25.5021 (20.7725)	
Epoch: [4][164/2198]	Time 12.500 (12.091)	Data 10.534 (10.528)	CTC Time 0.345 (0.307)	Loss 27.5951 (20.8141)	
Epoch: [4][165/2198]	Time 13.010 (12.097)	Data 11.115 (10.532)	CTC Time 0.345 (0.307)	Loss 27.0658 (20.8520)	
Epoch: [4][166/2198]	Time 13.845 (12.107)	Data 11.181 (10.536)	CTC Time 0.204 (0.306)	Loss 30.3473 (20.9092)	
Epoch: [4][167/2198]	Time 12.432 (12.109)	Data 10.422 (10.535)	CTC Time 0.348 (0.307)	Loss 27.1547 (20.9466)	
Epoch: [4][168/2198]	Time 12.999 (12.115)	Data 11.089 (10.538)	CTC Time 0.341 (0.307)	Loss 29.6607 (20.9985)	
Epoch: [4][169/2198]	Time 13.993 (12.126)	Data 11.197 (10.542)	CTC Time 0.210 (0.306)	Loss 27.7501 (21.0384)	
Epoch: [4][170/2198]	Time 12.356 (12.127)	Data 10.411 (10.542)	CTC Time 0.349 (0.307)	Loss 28.5549 (21.0826)	
Epoch: [4][171/2198]	Time 13.264 (12.134)	Data 11.195 (10.545)	CTC Time 0.201 (0.306)	Loss 32.2907 (21.1482)	
Epoch: [4][172/2198]	Time 12.997 (12.139)	Data 11.049 (10.548)	CTC Time 0.345 (0.306)	Loss 31.9342 (21.2109)	
Epoch: [4][173/2198]	Time 13.123 (12.144)	Data 11.179 (10.552)	CTC Time 0.349 (0.306)	Loss 25.9415 (21.2382)	
Epoch: [4][174/2198]	Time 14.042 (12.155)	Data 11.204 (10.556)	CTC Time 0.349 (0.307)	Loss 26.6267 (21.2692)	
Epoch: [4][175/2198]	Time 12.285 (12.156)	Data 10.312 (10.554)	CTC Time 0.342 (0.307)	Loss 29.1687 (21.3144)	
Epoch: [4][176/2198]	Time 13.142 (12.162)	Data 11.170 (10.558)	CTC Time 0.346 (0.307)	Loss 27.9262 (21.3519)	
Epoch: [4][177/2198]	Time 13.225 (12.168)	Data 11.171 (10.561)	CTC Time 0.211 (0.307)	Loss 28.3003 (21.3912)	
Epoch: [4][178/2198]	Time 13.070 (12.173)	Data 11.093 (10.564)	CTC Time 0.345 (0.307)	Loss 28.1979 (21.4294)	
Epoch: [4][179/2198]	Time 13.156 (12.178)	Data 11.176 (10.568)	CTC Time 0.344 (0.307)	Loss 30.2239 (21.4785)	
Epoch: [4][180/2198]	Time 14.186 (12.189)	Data 11.209 (10.571)	CTC Time 0.211 (0.306)	Loss 28.4965 (21.5175)	
Epoch: [4][181/2198]	Time 12.284 (12.190)	Data 10.199 (10.569)	CTC Time 0.348 (0.307)	Loss 26.2935 (21.5439)	
Epoch: [4][182/2198]	Time 13.180 (12.195)	Data 11.105 (10.572)	CTC Time 0.208 (0.306)	Loss 26.9809 (21.5738)	
Epoch: [4][183/2198]	Time 13.120 (12.200)	Data 11.099 (10.575)	CTC Time 0.347 (0.306)	Loss 29.0914 (21.6149)	
Epoch: [4][184/2198]	Time 14.202 (12.211)	Data 11.204 (10.578)	CTC Time 0.348 (0.307)	Loss 25.3502 (21.6352)	
Epoch: [4][185/2198]	Time 12.236 (12.211)	Data 10.201 (10.576)	CTC Time 0.348 (0.307)	Loss 30.1886 (21.6814)	
Epoch: [4][186/2198]	Time 13.289 (12.217)	Data 11.182 (10.580)	CTC Time 0.216 (0.306)	Loss 30.8045 (21.7305)	
Epoch: [4][187/2198]	Time 13.170 (12.222)	Data 11.140 (10.583)	CTC Time 0.346 (0.307)	Loss 27.1905 (21.7597)	
Epoch: [4][188/2198]	Time 13.224 (12.228)	Data 11.186 (10.586)	CTC Time 0.347 (0.307)	Loss 30.6122 (21.8067)	
Epoch: [4][189/2198]	Time 13.207 (12.233)	Data 11.164 (10.589)	CTC Time 0.343 (0.307)	Loss 29.1277 (21.8455)	
Epoch: [4][190/2198]	Time 14.059 (12.243)	Data 11.192 (10.592)	CTC Time 0.347 (0.307)	Loss 31.2776 (21.8951)	
Epoch: [4][191/2198]	Time 12.437 (12.244)	Data 10.370 (10.591)	CTC Time 0.350 (0.307)	Loss 27.0518 (21.9221)	
Epoch: [4][192/2198]	Time 13.257 (12.249)	Data 11.198 (10.594)	CTC Time 0.348 (0.308)	Loss 26.5685 (21.9463)	
Epoch: [4][193/2198]	Time 13.425 (12.255)	Data 11.222 (10.597)	CTC Time 0.347 (0.308)	Loss 29.5455 (21.9857)	
Epoch: [4][194/2198]	Time 13.101 (12.259)	Data 11.030 (10.600)	CTC Time 0.345 (0.308)	Loss 31.6476 (22.0355)	
Epoch: [4][195/2198]	Time 14.140 (12.269)	Data 11.169 (10.602)	CTC Time 0.348 (0.308)	Loss 31.4201 (22.0836)	
Epoch: [4][196/2198]	Time 12.421 (12.270)	Data 10.333 (10.601)	CTC Time 0.344 (0.308)	Loss 29.5673 (22.1218)	
Epoch: [4][197/2198]	Time 13.343 (12.275)	Data 11.178 (10.604)	CTC Time 0.350 (0.309)	Loss 31.8547 (22.1712)	
Epoch: [4][198/2198]	Time 13.219 (12.280)	Data 11.107 (10.607)	CTC Time 0.350 (0.309)	Loss 29.1223 (22.2063)	
Epoch: [4][199/2198]	Time 13.285 (12.285)	Data 11.169 (10.609)	CTC Time 0.348 (0.309)	Loss 31.2345 (22.2517)	
Epoch: [4][200/2198]	Time 14.263 (12.295)	Data 11.193 (10.612)	CTC Time 0.349 (0.309)	Loss 30.3695 (22.2923)	
Epoch: [4][201/2198]	Time 12.354 (12.295)	Data 10.219 (10.610)	CTC Time 0.349 (0.309)	Loss 28.5681 (22.3235)	
Epoch: [4][202/2198]	Time 13.325 (12.300)	Data 11.192 (10.613)	CTC Time 0.350 (0.310)	Loss 30.1375 (22.3622)	
Epoch: [4][203/2198]	Time 13.322 (12.305)	Data 11.184 (10.616)	CTC Time 0.344 (0.310)	Loss 30.3465 (22.4015)	
Epoch: [4][204/2198]	Time 13.468 (12.311)	Data 11.177 (10.619)	CTC Time 0.350 (0.310)	Loss 31.8230 (22.4477)	
Epoch: [4][205/2198]	Time 13.801 (12.318)	Data 11.031 (10.621)	CTC Time 0.344 (0.310)	Loss 30.7376 (22.4881)	
Epoch: [4][206/2198]	Time 12.697 (12.320)	Data 10.550 (10.620)	CTC Time 0.349 (0.310)	Loss 27.5536 (22.5127)	
Epoch: [4][207/2198]	Time 13.436 (12.325)	Data 11.144 (10.623)	CTC Time 0.350 (0.310)	Loss 31.9225 (22.5582)	
Epoch: [4][208/2198]	Time 13.263 (12.330)	Data 11.091 (10.625)	CTC Time 0.349 (0.311)	Loss 30.4492 (22.5961)	
Epoch: [4][209/2198]	Time 13.347 (12.335)	Data 11.190 (10.628)	CTC Time 0.348 (0.311)	Loss 27.3135 (22.6187)	
Epoch: [4][210/2198]	Time 14.141 (12.343)	Data 11.196 (10.631)	CTC Time 0.350 (0.311)	Loss 29.7773 (22.6528)	
Epoch: [4][211/2198]	Time 12.588 (12.345)	Data 10.404 (10.630)	CTC Time 0.349 (0.311)	Loss 28.3097 (22.6796)	
Epoch: [4][212/2198]	Time 13.413 (12.350)	Data 11.210 (10.632)	CTC Time 0.351 (0.311)	Loss 32.1483 (22.7243)	
Epoch: [4][213/2198]	Time 13.370 (12.354)	Data 11.170 (10.635)	CTC Time 0.350 (0.312)	Loss 28.9474 (22.7535)	
Epoch: [4][214/2198]	Time 13.362 (12.359)	Data 11.172 (10.637)	CTC Time 0.345 (0.312)	Loss 29.0614 (22.7829)	
Epoch: [4][215/2198]	Time 13.612 (12.365)	Data 11.206 (10.640)	CTC Time 0.350 (0.312)	Loss 30.4395 (22.8186)	
Epoch: [4][216/2198]	Time 13.822 (12.372)	Data 10.991 (10.642)	CTC Time 0.350 (0.312)	Loss 30.5632 (22.8544)	
Epoch: [4][217/2198]	Time 12.971 (12.374)	Data 10.599 (10.641)	CTC Time 0.346 (0.312)	Loss 33.5214 (22.9036)	
Epoch: [4][218/2198]	Time 13.223 (12.378)	Data 11.007 (10.643)	CTC Time 0.349 (0.312)	Loss 33.7759 (22.9534)	
Epoch: [4][219/2198]	Time 13.957 (12.386)	Data 11.227 (10.646)	CTC Time 0.237 (0.312)	Loss 36.4628 (23.0151)	
Epoch: [4][220/2198]	Time 13.300 (12.390)	Data 10.675 (10.646)	CTC Time 0.349 (0.312)	Loss 33.4467 (23.0625)	
Epoch: [4][221/2198]	Time 13.058 (12.393)	Data 10.819 (10.647)	CTC Time 0.346 (0.312)	Loss 32.6120 (23.1058)	
Epoch: [4][222/2198]	Time 13.425 (12.397)	Data 11.207 (10.649)	CTC Time 0.348 (0.313)	Loss 33.6939 (23.1535)	
Epoch: [4][223/2198]	Time 14.299 (12.406)	Data 11.240 (10.652)	CTC Time 0.247 (0.312)	Loss 30.3877 (23.1859)	
Epoch: [4][224/2198]	Time 12.669 (12.407)	Data 10.399 (10.651)	CTC Time 0.345 (0.312)	Loss 29.2159 (23.2128)	
Epoch: [4][225/2198]	Time 13.442 (12.412)	Data 11.175 (10.653)	CTC Time 0.349 (0.313)	Loss 29.0966 (23.2390)	
Epoch: [4][226/2198]	Time 14.618 (12.421)	Data 11.213 (10.655)	CTC Time 0.243 (0.312)	Loss 33.9142 (23.2862)	
Epoch: [4][227/2198]	Time 12.335 (12.421)	Data 10.054 (10.653)	CTC Time 0.350 (0.312)	Loss 33.3147 (23.3304)	
Epoch: [4][228/2198]	Time 14.258 (12.429)	Data 11.207 (10.655)	CTC Time 0.250 (0.312)	Loss 30.1758 (23.3604)	
Epoch: [4][229/2198]	Time 12.726 (12.430)	Data 10.451 (10.654)	CTC Time 0.348 (0.312)	Loss 30.2495 (23.3905)	
Epoch: [4][230/2198]	Time 13.516 (12.435)	Data 11.223 (10.657)	CTC Time 0.353 (0.312)	Loss 31.8675 (23.4273)	
Epoch: [4][231/2198]	Time 13.497 (12.440)	Data 11.199 (10.659)	CTC Time 0.346 (0.313)	Loss 30.6118 (23.4584)	
Epoch: [4][232/2198]	Time 14.362 (12.448)	Data 11.231 (10.662)	CTC Time 0.256 (0.312)	Loss 33.5130 (23.5018)	
Epoch: [4][233/2198]	Time 12.712 (12.449)	Data 10.392 (10.661)	CTC Time 0.352 (0.313)	Loss 29.8538 (23.5290)	
Epoch: [4][234/2198]	Time 13.600 (12.454)	Data 11.288 (10.663)	CTC Time 0.351 (0.313)	Loss 34.3483 (23.5753)	
Epoch: [4][235/2198]	Time 14.677 (12.464)	Data 11.231 (10.666)	CTC Time 0.246 (0.312)	Loss 32.9160 (23.6150)	
Epoch: [4][236/2198]	Time 12.376 (12.463)	Data 10.037 (10.663)	CTC Time 0.349 (0.313)	Loss 33.3368 (23.6562)	
Epoch: [4][237/2198]	Time 13.511 (12.468)	Data 11.163 (10.665)	CTC Time 0.355 (0.313)	Loss 34.6204 (23.7025)	
Epoch: [4][238/2198]	Time 14.498 (12.476)	Data 11.197 (10.667)	CTC Time 0.248 (0.313)	Loss 30.8814 (23.7326)	
Epoch: [4][239/2198]	Time 12.593 (12.477)	Data 10.237 (10.665)	CTC Time 0.353 (0.313)	Loss 32.3252 (23.7686)	
Epoch: [4][240/2198]	Time 13.566 (12.481)	Data 11.205 (10.668)	CTC Time 0.355 (0.313)	Loss 36.5839 (23.8220)	
Epoch: [4][241/2198]	Time 13.538 (12.486)	Data 11.173 (10.670)	CTC Time 0.351 (0.313)	Loss 30.0966 (23.8480)	
Epoch: [4][242/2198]	Time 13.544 (12.490)	Data 11.176 (10.672)	CTC Time 0.346 (0.313)	Loss 30.6245 (23.8760)	
Epoch: [4][243/2198]	Time 14.561 (12.498)	Data 11.192 (10.674)	CTC Time 0.267 (0.313)	Loss 32.6701 (23.9122)	
Epoch: [4][244/2198]	Time 12.615 (12.499)	Data 10.233 (10.672)	CTC Time 0.352 (0.313)	Loss 35.0449 (23.9578)	
Epoch: [4][245/2198]	Time 14.424 (12.507)	Data 11.231 (10.675)	CTC Time 0.262 (0.313)	Loss 35.2541 (24.0040)	
Epoch: [4][246/2198]	Time 12.812 (12.508)	Data 10.422 (10.674)	CTC Time 0.350 (0.313)	Loss 35.6105 (24.0511)	
Epoch: [4][247/2198]	Time 14.490 (12.516)	Data 11.180 (10.676)	CTC Time 0.254 (0.313)	Loss 35.6972 (24.0983)	
Epoch: [4][248/2198]	Time 12.706 (12.517)	Data 10.307 (10.674)	CTC Time 0.356 (0.313)	Loss 32.4237 (24.1319)	
Epoch: [4][249/2198]	Time 14.457 (12.525)	Data 11.231 (10.676)	CTC Time 0.267 (0.313)	Loss 36.5100 (24.1816)	
Epoch: [4][250/2198]	Time 12.826 (12.526)	Data 10.399 (10.675)	CTC Time 0.355 (0.313)	Loss 32.2816 (24.2140)	
Epoch: [4][251/2198]	Time 13.620 (12.530)	Data 11.189 (10.677)	CTC Time 0.353 (0.313)	Loss 33.7297 (24.2519)	
Epoch: [4][252/2198]	Time 14.437 (12.538)	Data 11.170 (10.679)	CTC Time 0.268 (0.313)	Loss 34.8345 (24.2939)	
Epoch: [4][253/2198]	Time 12.784 (12.539)	Data 10.342 (10.678)	CTC Time 0.352 (0.313)	Loss 34.7489 (24.3352)	
Epoch: [4][254/2198]	Time 13.655 (12.543)	Data 11.205 (10.680)	CTC Time 0.357 (0.313)	Loss 34.7630 (24.3763)	
Epoch: [4][255/2198]	Time 14.482 (12.551)	Data 11.189 (10.682)	CTC Time 0.278 (0.313)	Loss 33.5079 (24.4121)	
Epoch: [4][256/2198]	Time 12.845 (12.552)	Data 10.396 (10.681)	CTC Time 0.352 (0.313)	Loss 34.5782 (24.4518)	
Epoch: [4][257/2198]	Time 13.667 (12.556)	Data 11.222 (10.683)	CTC Time 0.356 (0.313)	Loss 34.4326 (24.4906)	
Epoch: [4][258/2198]	Time 14.526 (12.564)	Data 11.210 (10.685)	CTC Time 0.279 (0.313)	Loss 35.7933 (24.5344)	
Epoch: [4][259/2198]	Time 12.842 (12.565)	Data 10.363 (10.684)	CTC Time 0.347 (0.313)	Loss 31.3441 (24.5607)	
Epoch: [4][260/2198]	Time 13.814 (12.570)	Data 11.339 (10.686)	CTC Time 0.353 (0.314)	Loss 33.8509 (24.5964)	
Epoch: [4][261/2198]	Time 13.795 (12.574)	Data 11.326 (10.689)	CTC Time 0.357 (0.314)	Loss 34.6104 (24.6348)	
Epoch: [4][262/2198]	Time 14.781 (12.583)	Data 11.224 (10.691)	CTC Time 0.282 (0.314)	Loss 36.0465 (24.6784)	
Epoch: [4][263/2198]	Time 12.740 (12.583)	Data 10.145 (10.689)	CTC Time 0.270 (0.313)	Loss 34.3721 (24.7152)	
Epoch: [4][264/2198]	Time 14.706 (12.591)	Data 11.103 (10.690)	CTC Time 0.272 (0.313)	Loss 36.0138 (24.7580)	
Epoch: [4][265/2198]	Time 12.776 (12.592)	Data 10.143 (10.688)	CTC Time 0.276 (0.313)	Loss 36.1931 (24.8012)	
Epoch: [4][266/2198]	Time 13.642 (12.596)	Data 11.113 (10.690)	CTC Time 0.351 (0.313)	Loss 36.0358 (24.8434)	
Epoch: [4][267/2198]	Time 15.074 (12.605)	Data 11.228 (10.692)	CTC Time 0.356 (0.313)	Loss 37.0874 (24.8893)	
Epoch: [4][268/2198]	Time 12.456 (12.605)	Data 9.925 (10.689)	CTC Time 0.358 (0.314)	Loss 36.1007 (24.9311)	
Epoch: [4][269/2198]	Time 13.777 (12.609)	Data 11.177 (10.691)	CTC Time 0.275 (0.314)	Loss 37.5239 (24.9779)	
Epoch: [4][270/2198]	Time 14.663 (12.617)	Data 11.102 (10.692)	CTC Time 0.277 (0.313)	Loss 36.5758 (25.0209)	
Epoch: [4][271/2198]	Time 13.108 (12.619)	Data 10.238 (10.691)	CTC Time 0.277 (0.313)	Loss 30.9210 (25.0426)	
Epoch: [4][272/2198]	Time 13.440 (12.622)	Data 10.900 (10.691)	CTC Time 0.357 (0.313)	Loss 35.8594 (25.0824)	
Epoch: [4][273/2198]	Time 13.750 (12.626)	Data 11.204 (10.693)	CTC Time 0.353 (0.314)	Loss 33.6634 (25.1138)	
Epoch: [4][274/2198]	Time 14.444 (12.632)	Data 11.264 (10.695)	CTC Time 0.285 (0.313)	Loss 34.8616 (25.1494)	
Epoch: [4][275/2198]	Time 13.186 (12.634)	Data 10.607 (10.695)	CTC Time 0.356 (0.314)	Loss 34.4797 (25.1833)	
Epoch: [4][276/2198]	Time 13.922 (12.639)	Data 11.240 (10.697)	CTC Time 0.277 (0.313)	Loss 36.4543 (25.2242)	
Epoch: [4][277/2198]	Time 14.883 (12.647)	Data 11.080 (10.698)	CTC Time 0.352 (0.314)	Loss 39.6579 (25.2763)	
Epoch: [4][278/2198]	Time 12.765 (12.648)	Data 10.169 (10.696)	CTC Time 0.357 (0.314)	Loss 33.3758 (25.3054)	
Epoch: [4][279/2198]	Time 13.957 (12.652)	Data 11.241 (10.698)	CTC Time 0.291 (0.314)	Loss 31.4705 (25.3275)	
Epoch: [4][280/2198]	Time 13.692 (12.656)	Data 11.093 (10.700)	CTC Time 0.353 (0.314)	Loss 38.4107 (25.3742)	
Epoch: [4][281/2198]	Time 15.162 (12.665)	Data 11.220 (10.702)	CTC Time 0.360 (0.314)	Loss 32.2285 (25.3986)	
Epoch: [4][282/2198]	Time 12.589 (12.665)	Data 9.886 (10.699)	CTC Time 0.289 (0.314)	Loss 38.4672 (25.4450)	
Epoch: [4][283/2198]	Time 13.709 (12.668)	Data 11.119 (10.700)	CTC Time 0.358 (0.314)	Loss 33.1710 (25.4723)	
Epoch: [4][284/2198]	Time 15.010 (12.677)	Data 11.281 (10.702)	CTC Time 0.292 (0.314)	Loss 35.5341 (25.5077)	
Epoch: [4][285/2198]	Time 12.698 (12.677)	Data 10.078 (10.700)	CTC Time 0.357 (0.314)	Loss 36.1117 (25.5449)	
Epoch: [4][286/2198]	Time 13.954 (12.681)	Data 11.208 (10.702)	CTC Time 0.296 (0.314)	Loss 37.8565 (25.5880)	
Epoch: [4][287/2198]	Time 13.782 (12.685)	Data 11.130 (10.703)	CTC Time 0.355 (0.314)	Loss 38.3338 (25.6324)	
Epoch: [4][288/2198]	Time 15.089 (12.693)	Data 11.269 (10.705)	CTC Time 0.358 (0.314)	Loss 33.3631 (25.6592)	
Epoch: [4][289/2198]	Time 12.781 (12.694)	Data 10.115 (10.703)	CTC Time 0.359 (0.315)	Loss 33.6099 (25.6867)	
Epoch: [4][290/2198]	Time 13.865 (12.698)	Data 11.207 (10.705)	CTC Time 0.359 (0.315)	Loss 33.2080 (25.7127)	
Epoch: [4][291/2198]	Time 13.996 (12.702)	Data 11.213 (10.707)	CTC Time 0.291 (0.315)	Loss 35.9692 (25.7479)	
Epoch: [4][292/2198]	Time 13.787 (12.706)	Data 11.102 (10.708)	CTC Time 0.359 (0.315)	Loss 38.3820 (25.7912)	
Epoch: [4][293/2198]	Time 15.322 (12.715)	Data 11.277 (10.710)	CTC Time 0.351 (0.315)	Loss 34.9381 (25.8224)	
Epoch: [4][294/2198]	Time 12.640 (12.715)	Data 9.851 (10.707)	CTC Time 0.299 (0.315)	Loss 36.0707 (25.8573)	
Epoch: [4][295/2198]	Time 15.357 (12.723)	Data 11.162 (10.709)	CTC Time 0.358 (0.315)	Loss 35.8706 (25.8912)	
Epoch: [4][296/2198]	Time 12.533 (12.723)	Data 9.725 (10.705)	CTC Time 0.303 (0.315)	Loss 42.3088 (25.9467)	
Epoch: [4][297/2198]	Time 15.115 (12.731)	Data 11.135 (10.707)	CTC Time 0.358 (0.315)	Loss 39.8606 (25.9935)	
Epoch: [4][298/2198]	Time 12.671 (12.731)	Data 9.980 (10.704)	CTC Time 0.359 (0.315)	Loss 36.0127 (26.0271)	
Epoch: [4][299/2198]	Time 14.381 (12.736)	Data 11.271 (10.706)	CTC Time 0.303 (0.315)	Loss 31.1492 (26.0443)	
Epoch: [4][300/2198]	Time 14.694 (12.743)	Data 10.851 (10.707)	CTC Time 0.307 (0.315)	Loss 40.0085 (26.0908)	
Epoch: [4][301/2198]	Time 12.981 (12.744)	Data 10.133 (10.705)	CTC Time 0.304 (0.315)	Loss 35.1611 (26.1209)	
Epoch: [4][302/2198]	Time 13.853 (12.747)	Data 11.103 (10.706)	CTC Time 0.359 (0.315)	Loss 38.5296 (26.1620)	
Epoch: [4][303/2198]	Time 15.432 (12.756)	Data 11.150 (10.708)	CTC Time 0.352 (0.315)	Loss 36.1175 (26.1949)	
Epoch: [4][304/2198]	Time 12.575 (12.755)	Data 9.717 (10.704)	CTC Time 0.303 (0.315)	Loss 38.5162 (26.2354)	
Epoch: [4][305/2198]	Time 13.916 (12.759)	Data 11.144 (10.706)	CTC Time 0.361 (0.315)	Loss 39.0337 (26.2774)	
Epoch: [4][306/2198]	Time 15.408 (12.768)	Data 11.185 (10.707)	CTC Time 0.352 (0.316)	Loss 35.6601 (26.3080)	
Epoch: [4][307/2198]	Time 12.539 (12.767)	Data 9.748 (10.704)	CTC Time 0.356 (0.316)	Loss 36.6528 (26.3417)	
Epoch: [4][308/2198]	Time 14.125 (12.772)	Data 11.259 (10.706)	CTC Time 0.308 (0.316)	Loss 36.9938 (26.3763)	
Epoch: [4][309/2198]	Time 14.836 (12.778)	Data 11.154 (10.708)	CTC Time 0.315 (0.316)	Loss 38.8518 (26.4167)	
Epoch: [4][310/2198]	Time 13.111 (12.779)	Data 10.332 (10.706)	CTC Time 0.359 (0.316)	Loss 39.1285 (26.4577)	
Epoch: [4][311/2198]	Time 14.157 (12.784)	Data 11.260 (10.708)	CTC Time 0.309 (0.316)	Loss 40.3238 (26.5023)	
Epoch: [4][312/2198]	Time 15.020 (12.791)	Data 11.163 (10.710)	CTC Time 0.313 (0.316)	Loss 41.7955 (26.5513)	
Epoch: [4][313/2198]	Time 12.972 (12.792)	Data 10.162 (10.708)	CTC Time 0.361 (0.316)	Loss 39.6103 (26.5930)	
Epoch: [4][314/2198]	Time 14.179 (12.796)	Data 11.263 (10.710)	CTC Time 0.313 (0.316)	Loss 34.4191 (26.6180)	
Epoch: [4][315/2198]	Time 13.950 (12.800)	Data 11.122 (10.711)	CTC Time 0.359 (0.316)	Loss 38.5452 (26.6558)	
Epoch: [4][316/2198]	Time 15.051 (12.807)	Data 11.247 (10.713)	CTC Time 0.316 (0.316)	Loss 37.1706 (26.6891)	
Epoch: [4][317/2198]	Time 13.088 (12.808)	Data 10.257 (10.711)	CTC Time 0.358 (0.316)	Loss 37.2264 (26.7223)	
Epoch: [4][318/2198]	Time 14.456 (12.813)	Data 11.219 (10.713)	CTC Time 0.318 (0.316)	Loss 42.4145 (26.7717)	
Epoch: [4][319/2198]	Time 14.973 (12.820)	Data 10.823 (10.713)	CTC Time 0.354 (0.316)	Loss 36.1862 (26.8012)	
Epoch: [4][320/2198]	Time 12.946 (12.820)	Data 9.991 (10.711)	CTC Time 0.318 (0.316)	Loss 39.3087 (26.8403)	
Epoch: [4][321/2198]	Time 13.977 (12.824)	Data 11.147 (10.712)	CTC Time 0.356 (0.316)	Loss 34.5890 (26.8644)	
Epoch: [4][322/2198]	Time 15.191 (12.831)	Data 11.234 (10.714)	CTC Time 0.317 (0.316)	Loss 44.1765 (26.9182)	
Epoch: [4][323/2198]	Time 13.097 (12.832)	Data 10.127 (10.712)	CTC Time 0.322 (0.316)	Loss 45.9590 (26.9771)	
Epoch: [4][324/2198]	Time 14.042 (12.835)	Data 11.154 (10.713)	CTC Time 0.358 (0.317)	Loss 41.7435 (27.0227)	
Epoch: [4][325/2198]	Time 15.225 (12.843)	Data 11.210 (10.715)	CTC Time 0.323 (0.317)	Loss 34.8263 (27.0467)	
Epoch: [4][326/2198]	Time 13.096 (12.844)	Data 10.109 (10.713)	CTC Time 0.327 (0.317)	Loss 47.3705 (27.1091)	
Epoch: [4][327/2198]	Time 15.026 (12.850)	Data 11.128 (10.714)	CTC Time 0.361 (0.317)	Loss 38.2233 (27.1430)	
Epoch: [4][328/2198]	Time 13.121 (12.851)	Data 10.206 (10.713)	CTC Time 0.359 (0.317)	Loss 40.0959 (27.1825)	
Epoch: [4][329/2198]	Time 14.145 (12.855)	Data 11.238 (10.714)	CTC Time 0.361 (0.317)	Loss 41.5387 (27.2262)	
Epoch: [4][330/2198]	Time 14.305 (12.859)	Data 11.259 (10.716)	CTC Time 0.360 (0.317)	Loss 40.2752 (27.2657)	
Epoch: [4][331/2198]	Time 14.924 (12.866)	Data 11.081 (10.717)	CTC Time 0.361 (0.317)	Loss 44.4608 (27.3177)	
Epoch: [4][332/2198]	Time 13.341 (12.867)	Data 10.299 (10.716)	CTC Time 0.363 (0.317)	Loss 39.7688 (27.3552)	
Epoch: [4][333/2198]	Time 14.960 (12.873)	Data 11.131 (10.717)	CTC Time 0.357 (0.318)	Loss 41.8465 (27.3987)	
Epoch: [4][334/2198]	Time 13.341 (12.875)	Data 10.402 (10.716)	CTC Time 0.356 (0.318)	Loss 37.6509 (27.4294)	
Epoch: [4][335/2198]	Time 14.580 (12.880)	Data 11.219 (10.718)	CTC Time 0.360 (0.318)	Loss 43.0184 (27.4759)	
Epoch: [4][336/2198]	Time 15.037 (12.886)	Data 10.855 (10.718)	CTC Time 0.362 (0.318)	Loss 41.9263 (27.5189)	
Epoch: [4][337/2198]	Time 13.144 (12.887)	Data 10.073 (10.716)	CTC Time 0.362 (0.318)	Loss 44.5824 (27.5696)	
Epoch: [4][338/2198]	Time 14.039 (12.890)	Data 11.079 (10.717)	CTC Time 0.362 (0.318)	Loss 41.0909 (27.6096)	
Epoch: [4][339/2198]	Time 15.219 (12.897)	Data 11.209 (10.719)	CTC Time 0.355 (0.318)	Loss 41.0979 (27.6494)	
Epoch: [4][340/2198]	Time 13.266 (12.898)	Data 10.180 (10.717)	CTC Time 0.363 (0.318)	Loss 43.5310 (27.6961)	
Epoch: [4][341/2198]	Time 15.082 (12.905)	Data 11.076 (10.718)	CTC Time 0.361 (0.319)	Loss 40.6710 (27.7341)	
Epoch: [4][342/2198]	Time 13.411 (12.906)	Data 10.305 (10.717)	CTC Time 0.361 (0.319)	Loss 41.2346 (27.7736)	
Epoch: [4][343/2198]	Time 14.097 (12.910)	Data 11.112 (10.718)	CTC Time 0.363 (0.319)	Loss 38.7072 (27.8055)	
Epoch: [4][344/2198]	Time 15.450 (12.917)	Data 11.229 (10.720)	CTC Time 0.355 (0.319)	Loss 40.4952 (27.8424)	
Epoch: [4][345/2198]	Time 13.508 (12.919)	Data 10.059 (10.718)	CTC Time 0.361 (0.319)	Loss 43.9218 (27.8890)	
Epoch: [4][346/2198]	Time 14.978 (12.925)	Data 10.786 (10.718)	CTC Time 0.355 (0.319)	Loss 43.9413 (27.9354)	
Epoch: [4][347/2198]	Time 13.258 (12.926)	Data 10.107 (10.716)	CTC Time 0.362 (0.319)	Loss 44.3502 (27.9827)	
Epoch: [4][348/2198]	Time 14.144 (12.929)	Data 11.101 (10.717)	CTC Time 0.363 (0.319)	Loss 42.1597 (28.0234)	
Epoch: [4][349/2198]	Time 14.267 (12.933)	Data 11.221 (10.719)	CTC Time 0.361 (0.320)	Loss 40.9955 (28.0606)	
Epoch: [4][350/2198]	Time 15.251 (12.940)	Data 11.260 (10.720)	CTC Time 0.360 (0.320)	Loss 37.0569 (28.0863)	
Epoch: [4][351/2198]	Time 13.459 (12.941)	Data 10.302 (10.719)	CTC Time 0.361 (0.320)	Loss 43.6061 (28.1305)	
Epoch: [4][352/2198]	Time 14.182 (12.945)	Data 11.129 (10.720)	CTC Time 0.363 (0.320)	Loss 40.5193 (28.1657)	
Epoch: [4][353/2198]	Time 14.271 (12.948)	Data 11.235 (10.722)	CTC Time 0.365 (0.320)	Loss 45.0263 (28.2134)	
Epoch: [4][354/2198]	Time 15.631 (12.956)	Data 11.287 (10.723)	CTC Time 0.362 (0.320)	Loss 42.3348 (28.2533)	
Epoch: [4][355/2198]	Time 13.203 (12.957)	Data 10.005 (10.721)	CTC Time 0.364 (0.320)	Loss 40.0233 (28.2865)	
Epoch: [4][356/2198]	Time 14.170 (12.960)	Data 11.126 (10.722)	CTC Time 0.363 (0.320)	Loss 41.1072 (28.3225)	
Epoch: [4][357/2198]	Time 15.436 (12.967)	Data 11.265 (10.724)	CTC Time 0.364 (0.321)	Loss 37.7437 (28.3489)	
Epoch: [4][358/2198]	Time 13.392 (12.968)	Data 10.172 (10.722)	CTC Time 0.368 (0.321)	Loss 45.8454 (28.3978)	
Epoch: [4][359/2198]	Time 15.292 (12.975)	Data 11.108 (10.723)	CTC Time 0.365 (0.321)	Loss 45.1345 (28.4444)	
Epoch: [4][360/2198]	Time 13.403 (12.976)	Data 10.173 (10.722)	CTC Time 0.363 (0.321)	Loss 40.6323 (28.4782)	
Epoch: [4][361/2198]	Time 15.468 (12.983)	Data 11.087 (10.723)	CTC Time 0.364 (0.321)	Loss 41.9921 (28.5157)	
Epoch: [4][362/2198]	Time 13.132 (12.983)	Data 9.992 (10.721)	CTC Time 0.366 (0.321)	Loss 38.1980 (28.5424)	
Epoch: [4][363/2198]	Time 14.532 (12.988)	Data 11.273 (10.722)	CTC Time 0.368 (0.321)	Loss 40.9260 (28.5765)	
Epoch: [4][364/2198]	Time 14.274 (12.991)	Data 11.154 (10.724)	CTC Time 0.362 (0.321)	Loss 39.8006 (28.6074)	
Epoch: [4][365/2198]	Time 15.522 (12.998)	Data 11.242 (10.725)	CTC Time 0.367 (0.321)	Loss 39.3769 (28.6369)	
Epoch: [4][366/2198]	Time 13.229 (12.999)	Data 10.106 (10.723)	CTC Time 0.367 (0.322)	Loss 38.3231 (28.6633)	
Epoch: [4][367/2198]	Time 14.514 (13.003)	Data 11.230 (10.725)	CTC Time 0.368 (0.322)	Loss 44.8689 (28.7075)	
Epoch: [4][368/2198]	Time 14.278 (13.006)	Data 11.112 (10.726)	CTC Time 0.365 (0.322)	Loss 39.2647 (28.7362)	
Epoch: [4][369/2198]	Time 15.554 (13.013)	Data 11.236 (10.727)	CTC Time 0.369 (0.322)	Loss 36.0634 (28.7561)	
Epoch: [4][370/2198]	Time 13.384 (13.014)	Data 10.112 (10.725)	CTC Time 0.365 (0.322)	Loss 40.1679 (28.7869)	
Epoch: [4][371/2198]	Time 14.281 (13.018)	Data 11.124 (10.726)	CTC Time 0.365 (0.322)	Loss 45.4431 (28.8318)	
Epoch: [4][372/2198]	Time 15.552 (13.024)	Data 11.233 (10.728)	CTC Time 0.364 (0.322)	Loss 42.5262 (28.8686)	
Epoch: [4][373/2198]	Time 13.319 (13.025)	Data 10.145 (10.726)	CTC Time 0.367 (0.322)	Loss 41.5200 (28.9025)	
Epoch: [4][374/2198]	Time 14.454 (13.029)	Data 11.269 (10.728)	CTC Time 0.366 (0.323)	Loss 42.2972 (28.9383)	
Epoch: [4][375/2198]	Time 15.568 (13.036)	Data 11.255 (10.729)	CTC Time 0.356 (0.323)	Loss 45.3119 (28.9820)	
Epoch: [4][376/2198]	Time 13.374 (13.037)	Data 10.168 (10.728)	CTC Time 0.365 (0.323)	Loss 39.6090 (29.0103)	
Epoch: [4][377/2198]	Time 15.611 (13.043)	Data 11.257 (10.729)	CTC Time 0.359 (0.323)	Loss 42.7627 (29.0467)	
Epoch: [4][378/2198]	Time 14.811 (13.048)	Data 10.129 (10.727)	CTC Time 0.364 (0.323)	Loss 43.6735 (29.0854)	
Epoch: [4][379/2198]	Time 14.185 (13.051)	Data 9.804 (10.725)	CTC Time 0.359 (0.323)	Loss 43.8174 (29.1243)	
Epoch: [4][380/2198]	Time 14.465 (13.055)	Data 10.097 (10.723)	CTC Time 0.363 (0.323)	Loss 45.1260 (29.1664)	
Epoch: [4][381/2198]	Time 13.370 (13.056)	Data 10.123 (10.722)	CTC Time 0.367 (0.323)	Loss 42.0736 (29.2003)	
Epoch: [4][382/2198]	Time 14.482 (13.059)	Data 11.257 (10.723)	CTC Time 0.365 (0.323)	Loss 46.7165 (29.2461)	
Epoch: [4][383/2198]	Time 15.657 (13.066)	Data 11.289 (10.725)	CTC Time 0.364 (0.323)	Loss 45.8537 (29.2895)	
Epoch: [4][384/2198]	Time 13.357 (13.067)	Data 10.130 (10.723)	CTC Time 0.366 (0.324)	Loss 44.2740 (29.3285)	
Epoch: [4][385/2198]	Time 15.836 (13.074)	Data 11.522 (10.725)	CTC Time 0.361 (0.324)	Loss 45.5240 (29.3706)	
Epoch: [4][386/2198]	Time 14.588 (13.078)	Data 10.208 (10.724)	CTC Time 0.363 (0.324)	Loss 44.1796 (29.4090)	
Epoch: [4][387/2198]	Time 14.812 (13.083)	Data 10.147 (10.722)	CTC Time 0.363 (0.324)	Loss 42.5378 (29.4429)	
Epoch: [4][388/2198]	Time 14.678 (13.087)	Data 9.906 (10.720)	CTC Time 0.364 (0.324)	Loss 42.3310 (29.4761)	
Epoch: [4][389/2198]	Time 13.069 (13.087)	Data 9.788 (10.718)	CTC Time 0.366 (0.324)	Loss 43.9699 (29.5134)	
Epoch: [4][390/2198]	Time 16.052 (13.094)	Data 11.308 (10.719)	CTC Time 0.366 (0.324)	Loss 43.0443 (29.5481)	
Epoch: [4][391/2198]	Time 14.566 (13.098)	Data 9.786 (10.717)	CTC Time 0.360 (0.324)	Loss 39.7605 (29.5742)	
Epoch: [4][392/2198]	Time 13.090 (13.098)	Data 9.796 (10.715)	CTC Time 0.367 (0.324)	Loss 45.8909 (29.6158)	
Epoch: [4][393/2198]	Time 15.801 (13.105)	Data 11.310 (10.716)	CTC Time 0.362 (0.325)	Loss 40.6085 (29.6438)	
Epoch: [4][394/2198]	Time 14.812 (13.109)	Data 10.064 (10.715)	CTC Time 0.364 (0.325)	Loss 42.6191 (29.6767)	
Epoch: [4][395/2198]	Time 14.569 (13.113)	Data 9.863 (10.712)	CTC Time 0.368 (0.325)	Loss 45.3801 (29.7165)	
Epoch: [4][396/2198]	Time 14.402 (13.116)	Data 9.922 (10.710)	CTC Time 0.360 (0.325)	Loss 41.2582 (29.7456)	
Epoch: [4][397/2198]	Time 14.620 (13.120)	Data 10.107 (10.709)	CTC Time 0.364 (0.325)	Loss 41.6536 (29.7756)	
Epoch: [4][398/2198]	Time 14.547 (13.124)	Data 10.076 (10.707)	CTC Time 0.368 (0.325)	Loss 50.9251 (29.8287)	
Epoch: [4][399/2198]	Time 13.433 (13.124)	Data 10.113 (10.706)	CTC Time 0.366 (0.325)	Loss 41.3191 (29.8575)	
Epoch: [4][400/2198]	Time 14.621 (13.128)	Data 11.285 (10.707)	CTC Time 0.359 (0.325)	Loss 47.8672 (29.9026)	
Epoch: [4][401/2198]	Time 16.082 (13.135)	Data 11.269 (10.709)	CTC Time 0.365 (0.325)	Loss 42.9317 (29.9351)	
Epoch: [4][402/2198]	Time 14.312 (13.138)	Data 9.791 (10.706)	CTC Time 0.370 (0.325)	Loss 45.8434 (29.9746)	
Epoch: [4][403/2198]	Time 13.475 (13.139)	Data 10.095 (10.705)	CTC Time 0.361 (0.326)	Loss 44.9606 (30.0118)	
Epoch: [4][404/2198]	Time 15.983 (13.146)	Data 11.231 (10.706)	CTC Time 0.368 (0.326)	Loss 47.4115 (30.0549)	
Epoch: [4][405/2198]	Time 13.259 (13.146)	Data 9.873 (10.704)	CTC Time 0.369 (0.326)	Loss 40.6737 (30.0811)	
Epoch: [4][406/2198]	Time 14.667 (13.150)	Data 11.282 (10.705)	CTC Time 0.363 (0.326)	Loss 50.6164 (30.1317)	
Epoch: [4][407/2198]	Time 14.716 (13.154)	Data 11.318 (10.707)	CTC Time 0.366 (0.326)	Loss 41.6615 (30.1600)	
Epoch: [4][408/2198]	Time 15.824 (13.161)	Data 11.256 (10.708)	CTC Time 0.366 (0.326)	Loss 43.1305 (30.1918)	
Epoch: [4][409/2198]	Time 14.663 (13.164)	Data 10.091 (10.707)	CTC Time 0.361 (0.326)	Loss 51.3457 (30.2435)	
Epoch: [4][410/2198]	Time 13.604 (13.165)	Data 10.190 (10.706)	CTC Time 0.369 (0.326)	Loss 46.2344 (30.2825)	
Epoch: [4][411/2198]	Time 16.166 (13.173)	Data 11.296 (10.707)	CTC Time 0.368 (0.326)	Loss 47.0481 (30.3233)	
Epoch: [4][412/2198]	Time 14.370 (13.176)	Data 9.845 (10.705)	CTC Time 0.362 (0.326)	Loss 41.7952 (30.3512)	
Epoch: [4][413/2198]	Time 13.571 (13.177)	Data 10.163 (10.704)	CTC Time 0.369 (0.327)	Loss 50.9537 (30.4010)	
Epoch: [4][414/2198]	Time 14.741 (13.180)	Data 11.321 (10.705)	CTC Time 0.367 (0.327)	Loss 47.5178 (30.4424)	
Epoch: [4][415/2198]	Time 15.960 (13.187)	Data 11.313 (10.707)	CTC Time 0.363 (0.327)	Loss 44.4995 (30.4763)	
Epoch: [4][416/2198]	Time 13.503 (13.188)	Data 10.056 (10.705)	CTC Time 0.370 (0.327)	Loss 43.8336 (30.5084)	
Epoch: [4][417/2198]	Time 16.269 (13.195)	Data 11.296 (10.706)	CTC Time 0.366 (0.327)	Loss 44.4259 (30.5417)	
Epoch: [4][418/2198]	Time 13.238 (13.195)	Data 9.767 (10.704)	CTC Time 0.368 (0.327)	Loss 43.8831 (30.5737)	
Epoch: [4][419/2198]	Time 16.264 (13.203)	Data 11.304 (10.706)	CTC Time 0.362 (0.327)	Loss 47.0421 (30.6130)	
Epoch: [4][420/2198]	Time 14.485 (13.206)	Data 9.756 (10.703)	CTC Time 0.369 (0.327)	Loss 47.8236 (30.6539)	
Epoch: [4][421/2198]	Time 13.463 (13.206)	Data 10.001 (10.702)	CTC Time 0.375 (0.327)	Loss 45.3213 (30.6888)	
Epoch: [4][422/2198]	Time 15.941 (13.213)	Data 11.326 (10.703)	CTC Time 0.365 (0.327)	Loss 46.9641 (30.7274)	
Epoch: [4][423/2198]	Time 13.607 (13.214)	Data 10.133 (10.702)	CTC Time 0.370 (0.327)	Loss 50.6132 (30.7744)	
Epoch: [4][424/2198]	Time 14.793 (13.217)	Data 11.285 (10.703)	CTC Time 0.371 (0.328)	Loss 47.2905 (30.8133)	
Epoch: [4][425/2198]	Time 16.262 (13.225)	Data 11.235 (10.704)	CTC Time 0.362 (0.328)	Loss 43.6510 (30.8435)	
Epoch: [4][426/2198]	Time 14.474 (13.227)	Data 9.718 (10.702)	CTC Time 0.367 (0.328)	Loss 49.5938 (30.8875)	
Epoch: [4][427/2198]	Time 13.541 (13.228)	Data 10.001 (10.700)	CTC Time 0.370 (0.328)	Loss 44.8586 (30.9203)	
Epoch: [4][428/2198]	Time 15.935 (13.235)	Data 11.242 (10.702)	CTC Time 0.360 (0.328)	Loss 44.5636 (30.9521)	
Epoch: [4][429/2198]	Time 13.610 (13.235)	Data 10.082 (10.700)	CTC Time 0.369 (0.328)	Loss 44.3497 (30.9834)	
Epoch: [4][430/2198]	Time 14.871 (13.239)	Data 11.321 (10.702)	CTC Time 0.372 (0.328)	Loss 46.5816 (31.0196)	
Epoch: [4][431/2198]	Time 16.073 (13.246)	Data 11.278 (10.703)	CTC Time 0.365 (0.328)	Loss 48.5798 (31.0604)	
Epoch: [4][432/2198]	Time 14.777 (13.249)	Data 10.034 (10.702)	CTC Time 0.365 (0.328)	Loss 48.1922 (31.1000)	
Epoch: [4][433/2198]	Time 15.268 (13.254)	Data 10.125 (10.700)	CTC Time 0.383 (0.328)	Loss 45.0200 (31.1322)	
Epoch: [4][434/2198]	Time 14.566 (13.257)	Data 9.753 (10.698)	CTC Time 0.369 (0.329)	Loss 47.3331 (31.1695)	
Epoch: [4][435/2198]	Time 14.796 (13.261)	Data 10.031 (10.696)	CTC Time 0.365 (0.329)	Loss 49.0695 (31.2107)	
Epoch: [4][436/2198]	Time 13.678 (13.262)	Data 10.072 (10.695)	CTC Time 0.373 (0.329)	Loss 48.3929 (31.2501)	
Epoch: [4][437/2198]	Time 14.839 (13.265)	Data 11.248 (10.696)	CTC Time 0.373 (0.329)	Loss 49.9793 (31.2929)	
Epoch: [4][438/2198]	Time 16.093 (13.272)	Data 11.260 (10.698)	CTC Time 0.365 (0.329)	Loss 48.0322 (31.3311)	
Epoch: [4][439/2198]	Time 13.607 (13.272)	Data 10.017 (10.696)	CTC Time 0.371 (0.329)	Loss 50.4017 (31.3746)	
Epoch: [4][440/2198]	Time 16.431 (13.280)	Data 11.269 (10.697)	CTC Time 0.369 (0.329)	Loss 46.9805 (31.4101)	
Epoch: [4][441/2198]	Time 13.289 (13.280)	Data 9.681 (10.695)	CTC Time 0.371 (0.329)	Loss 50.5465 (31.4535)	
Epoch: [4][442/2198]	Time 16.209 (13.286)	Data 11.253 (10.696)	CTC Time 0.366 (0.329)	Loss 49.5717 (31.4944)	
Epoch: [4][443/2198]	Time 13.540 (13.287)	Data 9.875 (10.694)	CTC Time 0.373 (0.329)	Loss 44.1031 (31.5229)	
Epoch: [4][444/2198]	Time 16.458 (13.294)	Data 11.252 (10.696)	CTC Time 0.382 (0.329)	Loss 45.6080 (31.5546)	
Epoch: [4][445/2198]	Time 14.559 (13.297)	Data 9.682 (10.693)	CTC Time 0.367 (0.330)	Loss 45.6157 (31.5862)	
Epoch: [4][446/2198]	Time 15.269 (13.301)	Data 9.994 (10.692)	CTC Time 0.372 (0.330)	Loss 46.4724 (31.6196)	
Epoch: [4][447/2198]	Time 14.630 (13.304)	Data 9.677 (10.690)	CTC Time 0.370 (0.330)	Loss 46.1388 (31.6521)	
Epoch: [4][448/2198]	Time 13.649 (13.305)	Data 9.987 (10.688)	CTC Time 0.369 (0.330)	Loss 43.9818 (31.6796)	
Epoch: [4][449/2198]	Time 14.887 (13.308)	Data 11.220 (10.689)	CTC Time 0.372 (0.330)	Loss 46.9774 (31.7137)	
Epoch: [4][450/2198]	Time 16.469 (13.315)	Data 11.241 (10.690)	CTC Time 0.377 (0.330)	Loss 43.3038 (31.7394)	
Epoch: [4][451/2198]	Time 14.491 (13.318)	Data 9.655 (10.688)	CTC Time 0.364 (0.330)	Loss 45.4178 (31.7698)	
Epoch: [4][452/2198]	Time 15.105 (13.322)	Data 10.156 (10.687)	CTC Time 0.379 (0.330)	Loss 48.1228 (31.8059)	
Epoch: [4][453/2198]	Time 15.370 (13.327)	Data 10.076 (10.686)	CTC Time 0.370 (0.330)	Loss 47.3837 (31.8403)	
Epoch: [4][454/2198]	Time 14.954 (13.330)	Data 9.720 (10.683)	CTC Time 0.365 (0.330)	Loss 49.1268 (31.8784)	
Epoch: [4][455/2198]	Time 13.468 (13.330)	Data 9.719 (10.681)	CTC Time 0.380 (0.330)	Loss 48.6893 (31.9154)	
Epoch: [4][456/2198]	Time 16.249 (13.337)	Data 11.263 (10.683)	CTC Time 0.368 (0.331)	Loss 52.4509 (31.9604)	
Epoch: [4][457/2198]	Time 13.778 (13.338)	Data 10.028 (10.681)	CTC Time 0.374 (0.331)	Loss 49.5878 (31.9990)	
Epoch: [4][458/2198]	Time 14.950 (13.341)	Data 11.184 (10.682)	CTC Time 0.382 (0.331)	Loss 47.5584 (32.0329)	
Epoch: [4][459/2198]	Time 16.459 (13.348)	Data 11.246 (10.684)	CTC Time 0.375 (0.331)	Loss 43.8116 (32.0586)	
Epoch: [4][460/2198]	Time 15.026 (13.352)	Data 9.790 (10.682)	CTC Time 0.371 (0.331)	Loss 41.8884 (32.0800)	
Epoch: [4][461/2198]	Time 15.030 (13.355)	Data 9.732 (10.680)	CTC Time 0.368 (0.331)	Loss 47.7595 (32.1140)	
Epoch: [4][462/2198]	Time 13.493 (13.356)	Data 9.728 (10.677)	CTC Time 0.374 (0.331)	Loss 50.0713 (32.1528)	
Epoch: [4][463/2198]	Time 16.190 (13.362)	Data 11.251 (10.679)	CTC Time 0.371 (0.331)	Loss 48.9373 (32.1891)	
Epoch: [4][464/2198]	Time 15.423 (13.366)	Data 10.054 (10.677)	CTC Time 0.376 (0.331)	Loss 44.9290 (32.2166)	
Epoch: [4][465/2198]	Time 13.471 (13.366)	Data 9.695 (10.675)	CTC Time 0.375 (0.331)	Loss 50.1558 (32.2551)	
Epoch: [4][466/2198]	Time 15.055 (13.370)	Data 11.296 (10.677)	CTC Time 0.370 (0.331)	Loss 48.8270 (32.2907)	
Epoch: [4][467/2198]	Time 16.350 (13.376)	Data 11.272 (10.678)	CTC Time 0.364 (0.332)	Loss 52.0060 (32.3329)	
Epoch: [4][468/2198]	Time 15.423 (13.381)	Data 9.993 (10.676)	CTC Time 0.374 (0.332)	Loss 51.4143 (32.3737)	
Epoch: [4][469/2198]	Time 13.422 (13.381)	Data 9.622 (10.674)	CTC Time 0.375 (0.332)	Loss 51.3883 (32.4142)	
Epoch: [4][470/2198]	Time 16.548 (13.388)	Data 11.162 (10.675)	CTC Time 0.364 (0.332)	Loss 46.9355 (32.4451)	
Epoch: [4][471/2198]	Time 15.265 (13.392)	Data 9.776 (10.673)	CTC Time 0.380 (0.332)	Loss 46.1787 (32.4743)	
Epoch: [4][472/2198]	Time 13.391 (13.392)	Data 9.564 (10.671)	CTC Time 0.386 (0.332)	Loss 47.6841 (32.5065)	
Epoch: [4][473/2198]	Time 16.611 (13.398)	Data 11.266 (10.672)	CTC Time 0.376 (0.332)	Loss 49.1372 (32.5417)	
Epoch: [4][474/2198]	Time 15.150 (13.402)	Data 9.732 (10.670)	CTC Time 0.380 (0.332)	Loss 48.2362 (32.5748)	
Epoch: [4][475/2198]	Time 14.783 (13.405)	Data 9.668 (10.668)	CTC Time 0.379 (0.332)	Loss 49.6915 (32.6108)	
Epoch: [4][476/2198]	Time 13.793 (13.406)	Data 9.955 (10.667)	CTC Time 0.376 (0.332)	Loss 48.5372 (32.6443)	
Epoch: [4][477/2198]	Time 15.055 (13.409)	Data 11.217 (10.668)	CTC Time 0.374 (0.332)	Loss 48.9158 (32.6784)	
Epoch: [4][478/2198]	Time 16.405 (13.416)	Data 11.269 (10.669)	CTC Time 0.375 (0.333)	Loss 42.4595 (32.6988)	
Epoch: [4][479/2198]	Time 15.447 (13.420)	Data 10.023 (10.668)	CTC Time 0.377 (0.333)	Loss 55.7089 (32.7469)	
Epoch: [4][480/2198]	Time 13.534 (13.420)	Data 9.663 (10.666)	CTC Time 0.384 (0.333)	Loss 52.6652 (32.7884)	
Epoch: [4][481/2198]	Time 16.760 (13.427)	Data 11.257 (10.667)	CTC Time 0.375 (0.333)	Loss 49.8821 (32.8239)	
Epoch: [4][482/2198]	Time 13.620 (13.427)	Data 9.742 (10.665)	CTC Time 0.370 (0.333)	Loss 50.0201 (32.8596)	
Epoch: [4][483/2198]	Time 15.246 (13.431)	Data 11.333 (10.666)	CTC Time 0.385 (0.333)	Loss 45.1262 (32.8850)	
Epoch: [4][484/2198]	Time 15.097 (13.435)	Data 11.218 (10.667)	CTC Time 0.386 (0.333)	Loss 48.5750 (32.9174)	
Epoch: [4][485/2198]	Time 16.711 (13.441)	Data 11.244 (10.669)	CTC Time 0.373 (0.333)	Loss 51.2602 (32.9552)	
Epoch: [4][486/2198]	Time 13.696 (13.442)	Data 9.771 (10.667)	CTC Time 0.386 (0.333)	Loss 49.9675 (32.9902)	
Epoch: [4][487/2198]	Time 16.777 (13.449)	Data 11.238 (10.668)	CTC Time 0.377 (0.333)	Loss 48.9156 (33.0229)	
Epoch: [4][488/2198]	Time 13.461 (13.449)	Data 9.566 (10.666)	CTC Time 0.381 (0.334)	Loss 50.6051 (33.0590)	
Epoch: [4][489/2198]	Time 16.451 (13.455)	Data 11.222 (10.667)	CTC Time 0.383 (0.334)	Loss 50.6359 (33.0949)	
Epoch: [4][490/2198]	Time 15.091 (13.458)	Data 9.915 (10.665)	CTC Time 0.368 (0.334)	Loss 47.9740 (33.1253)	
Epoch: [4][491/2198]	Time 13.948 (13.459)	Data 10.007 (10.664)	CTC Time 0.380 (0.334)	Loss 50.0734 (33.1598)	
Epoch: [4][492/2198]	Time 16.896 (13.466)	Data 11.345 (10.665)	CTC Time 0.386 (0.334)	Loss 50.8078 (33.1957)	
Epoch: [4][493/2198]	Time 15.150 (13.470)	Data 9.639 (10.663)	CTC Time 0.387 (0.334)	Loss 49.3083 (33.2283)	
Epoch: [4][494/2198]	Time 13.489 (13.470)	Data 9.591 (10.661)	CTC Time 0.377 (0.334)	Loss 47.9276 (33.2581)	
Epoch: [4][495/2198]	Time 16.971 (13.477)	Data 11.309 (10.662)	CTC Time 0.386 (0.334)	Loss 50.4776 (33.2929)	
Epoch: [4][496/2198]	Time 13.462 (13.477)	Data 9.536 (10.660)	CTC Time 0.388 (0.334)	Loss 50.8236 (33.3282)	
Epoch: [4][497/2198]	Time 15.200 (13.480)	Data 11.255 (10.661)	CTC Time 0.383 (0.334)	Loss 48.4738 (33.3587)	
Epoch: [4][498/2198]	Time 16.839 (13.487)	Data 11.240 (10.662)	CTC Time 0.385 (0.335)	Loss 50.8052 (33.3937)	
Epoch: [4][499/2198]	Time 13.705 (13.487)	Data 9.736 (10.661)	CTC Time 0.383 (0.335)	Loss 49.3348 (33.4257)	
Epoch: [4][500/2198]	Time 17.123 (13.495)	Data 11.426 (10.662)	CTC Time 0.379 (0.335)	Loss 47.6567 (33.4541)	
Epoch: [4][501/2198]	Time 13.527 (13.495)	Data 9.524 (10.660)	CTC Time 0.377 (0.335)	Loss 51.1887 (33.4895)	
Epoch: [4][502/2198]	Time 16.439 (13.501)	Data 11.226 (10.661)	CTC Time 0.377 (0.335)	Loss 46.2360 (33.5149)	
Epoch: [4][503/2198]	Time 13.949 (13.501)	Data 9.963 (10.660)	CTC Time 0.377 (0.335)	Loss 46.9465 (33.5416)	
Epoch: [4][504/2198]	Time 15.240 (13.505)	Data 11.242 (10.661)	CTC Time 0.386 (0.335)	Loss 48.3059 (33.5709)	
Epoch: [4][505/2198]	Time 16.866 (13.512)	Data 11.559 (10.663)	CTC Time 0.381 (0.335)	Loss 49.9262 (33.6033)	
Epoch: [4][506/2198]	Time 13.973 (13.513)	Data 9.974 (10.661)	CTC Time 0.380 (0.335)	Loss 49.1035 (33.6340)	
Epoch: [4][507/2198]	Time 16.811 (13.519)	Data 11.436 (10.663)	CTC Time 0.385 (0.335)	Loss 53.3613 (33.6729)	
Epoch: [4][508/2198]	Time 15.597 (13.523)	Data 9.886 (10.661)	CTC Time 0.386 (0.335)	Loss 52.6632 (33.7103)	
Epoch: [4][509/2198]	Time 13.607 (13.523)	Data 9.591 (10.659)	CTC Time 0.379 (0.336)	Loss 49.0073 (33.7403)	
Epoch: [4][510/2198]	Time 15.234 (13.527)	Data 11.212 (10.660)	CTC Time 0.385 (0.336)	Loss 52.0154 (33.7761)	
Epoch: [4][511/2198]	Time 16.851 (13.533)	Data 11.213 (10.661)	CTC Time 0.384 (0.336)	Loss 52.4632 (33.8127)	
Epoch: [4][512/2198]	Time 13.563 (13.533)	Data 9.561 (10.659)	CTC Time 0.381 (0.336)	Loss 44.8811 (33.8343)	
Epoch: [4][513/2198]	Time 17.006 (13.540)	Data 11.298 (10.660)	CTC Time 0.382 (0.336)	Loss 50.9246 (33.8676)	
Epoch: [4][514/2198]	Time 15.197 (13.543)	Data 9.510 (10.658)	CTC Time 0.384 (0.336)	Loss 48.9253 (33.8969)	
Epoch: [4][515/2198]	Time 13.697 (13.543)	Data 9.630 (10.656)	CTC Time 0.382 (0.336)	Loss 46.3512 (33.9211)	
Epoch: [4][516/2198]	Time 17.092 (13.550)	Data 11.266 (10.657)	CTC Time 0.383 (0.336)	Loss 50.8574 (33.9539)	
Epoch: [4][517/2198]	Time 13.651 (13.551)	Data 9.553 (10.655)	CTC Time 0.390 (0.336)	Loss 50.4387 (33.9858)	
Epoch: [4][518/2198]	Time 17.061 (13.557)	Data 11.266 (10.656)	CTC Time 0.383 (0.336)	Loss 44.2243 (34.0056)	
Epoch: [4][519/2198]	Time 14.996 (13.560)	Data 9.510 (10.654)	CTC Time 0.387 (0.336)	Loss 47.7204 (34.0320)	
Epoch: [4][520/2198]	Time 13.925 (13.561)	Data 9.840 (10.653)	CTC Time 0.388 (0.337)	Loss 47.6819 (34.0583)	
Epoch: [4][521/2198]	Time 17.036 (13.567)	Data 11.209 (10.654)	CTC Time 0.386 (0.337)	Loss 50.5055 (34.0898)	
Epoch: [4][522/2198]	Time 13.599 (13.568)	Data 9.502 (10.651)	CTC Time 0.387 (0.337)	Loss 51.7497 (34.1237)	
Epoch: [4][523/2198]	Time 16.980 (13.574)	Data 11.232 (10.653)	CTC Time 0.386 (0.337)	Loss 52.2407 (34.1583)	
Epoch: [4][524/2198]	Time 13.757 (13.574)	Data 9.674 (10.651)	CTC Time 0.389 (0.337)	Loss 45.2359 (34.1795)	
Epoch: [4][525/2198]	Time 17.170 (13.581)	Data 11.281 (10.652)	CTC Time 0.388 (0.337)	Loss 50.1717 (34.2099)	
Epoch: [4][526/2198]	Time 14.980 (13.584)	Data 9.516 (10.650)	CTC Time 0.391 (0.337)	Loss 48.7062 (34.2375)	
Epoch: [4][527/2198]	Time 13.975 (13.585)	Data 9.837 (10.648)	CTC Time 0.388 (0.337)	Loss 51.8786 (34.2710)	
Epoch: [4][528/2198]	Time 15.324 (13.588)	Data 11.213 (10.649)	CTC Time 0.390 (0.337)	Loss 49.9493 (34.3006)	
