=======================================================
***acc                       = 23.0 
***continue_from             =  
***save_folder               = models/ 
***start_epoch               = -1 
***checkpoint                = True 
***seed                      = 1 
***model_path                = models/deepspeech_t1.pth.tar 
=======================================================
Directory already exists.
DataParallel (
  (module): DeepSpeech (
    (conv): Sequential (
      (0): Conv2d(1, 32, kernel_size=(41, 11), stride=(2, 2))
      (1): BatchNorm2d(32, eps=1e-05, momentum=0.1, affine=True)
      (2): Hardtanh (min_val=0, max_val=20, inplace)
      (3): Conv2d(32, 32, kernel_size=(21, 11), stride=(2, 1))
      (4): BatchNorm2d(32, eps=1e-05, momentum=0.1, affine=True)
      (5): Hardtanh (min_val=0, max_val=20, inplace)
    )
    (rnns): Sequential (
      (0): BatchRNN (
        (rnn): GRU(672, 2560)
      )
      (1): BatchRNN (
        (rnn): GRU(2560, 2560)
      )
      (2): BatchRNN (
        (rnn): GRU(2560, 2560)
      )
    )
    (fc): Sequential (
      (0): SequenceWise (
      Sequential (
        (0): BatchNorm1d(2560, eps=1e-05, momentum=0.1, affine=True)
        (1): Linear (2560 -> 29)
      ))
    )
    (inference_log_softmax): InferenceBatchLogSoftmax (
    )
  )
)
Number of parameters: 103841568
