=======================================================
***acc                       = 23.0 
***continue_from             = models/deepspeech_3.pth.tar 
***save_folder               = models/ 
***start_epoch               = -1 
***checkpoint                = True 
***seed                      = 1 
***model_path                = models/deepspeech_t1.pth.tar 
=======================================================
Directory already exists.
Using bs=8 for validation. Parameter found was 8
Loading checkpoint model models/deepspeech_3.pth.tar
tensor([ 1.4222e+02,  8.0509e+01,  6.2070e+01,  0.0000e+00,         nan,
         0.0000e+00,  1.8617e+25,  4.0690e+31,  5.5836e-38,  0.0000e+00])
DataParallel(
  (module): DeepSpeech(
    (conv): Sequential(
      (0): Conv2d(1, 32, kernel_size=(41, 11), stride=(2, 2))
      (1): BatchNorm2d(32, eps=1e-05, momentum=0.1, affine=True, track_running_stats=True)
      (2): Hardtanh(min_val=0, max_val=20, inplace)
      (3): Conv2d(32, 32, kernel_size=(21, 11), stride=(2, 1))
      (4): BatchNorm2d(32, eps=1e-05, momentum=0.1, affine=True, track_running_stats=True)
      (5): Hardtanh(min_val=0, max_val=20, inplace)
    )
    (rnns): Sequential(
      (0): BatchRNN(
        (rnn): GRU(672, 2560)
      )
      (1): BatchRNN(
        (rnn): GRU(2560, 2560)
      )
      (2): BatchRNN(
        (rnn): GRU(2560, 2560)
      )
    )
    (fc): Sequential(
      (0): SequenceWise (
      Sequential(
        (0): BatchNorm1d(2560, eps=1e-05, momentum=0.1, affine=True, track_running_stats=True)
        (1): Linear(in_features=2560, out_features=29, bias=False)
      ))
    )
    (inference_log_softmax): InferenceBatchLogSoftmax()
  )
)
Number of parameters: 103841568
Epoch: [4][1/1407]	Time 28.225 (28.225)	Data 16.031 (16.031)	CTC Time 0.014 (0.014)	Loss 13.0328 (13.0328)	
Epoch: [4][2/1407]	Time 5.300 (16.762)	Data 4.106 (10.069)	CTC Time 0.386 (0.200)	Loss 13.9110 (13.4719)	
Epoch: [4][3/1407]	Time 16.337 (16.621)	Data 15.081 (11.739)	CTC Time 0.413 (0.271)	Loss 16.2778 (14.4072)	
Epoch: [4][4/1407]	Time 16.416 (16.570)	Data 15.088 (12.576)	CTC Time 0.444 (0.314)	Loss 15.0698 (14.5728)	
Epoch: [4][5/1407]	Time 16.509 (16.557)	Data 15.145 (13.090)	CTC Time 0.458 (0.343)	Loss 14.5072 (14.5597)	
Epoch: [4][6/1407]	Time 16.501 (16.548)	Data 15.067 (13.420)	CTC Time 0.137 (0.309)	Loss 16.7411 (14.9233)	
Epoch: [4][7/1407]	Time 16.979 (16.610)	Data 14.985 (13.643)	CTC Time 0.145 (0.285)	Loss 15.1620 (14.9574)	
Epoch: [4][8/1407]	Time 15.959 (16.528)	Data 14.532 (13.754)	CTC Time 0.478 (0.309)	Loss 16.1834 (15.1106)	
Epoch: [4][9/1407]	Time 16.478 (16.523)	Data 15.049 (13.898)	CTC Time 0.474 (0.328)	Loss 16.0907 (15.2195)	
Epoch: [4][10/1407]	Time 16.692 (16.540)	Data 15.142 (14.023)	CTC Time 0.275 (0.322)	Loss 15.2183 (15.2194)	
Epoch: [4][11/1407]	Time 16.477 (16.534)	Data 14.994 (14.111)	CTC Time 0.488 (0.337)	Loss 16.6534 (15.3498)	
Epoch: [4][12/1407]	Time 17.188 (16.588)	Data 15.106 (14.194)	CTC Time 0.266 (0.331)	Loss 15.8781 (15.3938)	
Epoch: [4][13/1407]	Time 16.038 (16.546)	Data 14.519 (14.219)	CTC Time 0.510 (0.345)	Loss 15.4606 (15.3989)	
Epoch: [4][14/1407]	Time 16.712 (16.558)	Data 15.102 (14.282)	CTC Time 0.380 (0.348)	Loss 16.0931 (15.4485)	
Epoch: [4][15/1407]	Time 16.572 (16.559)	Data 15.032 (14.332)	CTC Time 0.512 (0.359)	Loss 15.4273 (15.4471)	
Epoch: [4][16/1407]	Time 16.690 (16.567)	Data 15.115 (14.381)	CTC Time 0.528 (0.369)	Loss 15.0074 (15.4196)	
Epoch: [4][17/1407]	Time 17.525 (16.623)	Data 15.131 (14.425)	CTC Time 0.284 (0.364)	Loss 15.1583 (15.4043)	
Epoch: [4][18/1407]	Time 15.918 (16.584)	Data 14.323 (14.419)	CTC Time 0.563 (0.375)	Loss 15.2814 (15.3974)	
Epoch: [4][19/1407]	Time 16.759 (16.593)	Data 15.133 (14.457)	CTC Time 0.472 (0.380)	Loss 15.7759 (15.4173)	
Epoch: [4][20/1407]	Time 16.738 (16.601)	Data 15.116 (14.490)	CTC Time 0.466 (0.385)	Loss 16.4436 (15.4687)	
Epoch: [4][21/1407]	Time 16.839 (16.612)	Data 15.135 (14.521)	CTC Time 0.168 (0.374)	Loss 18.5219 (15.6140)	
Epoch: [4][22/1407]	Time 17.354 (16.646)	Data 15.093 (14.547)	CTC Time 0.180 (0.365)	Loss 16.5386 (15.6561)	
Epoch: [4][23/1407]	Time 16.223 (16.627)	Data 14.556 (14.547)	CTC Time 0.471 (0.370)	Loss 18.6177 (15.7848)	
Epoch: [4][24/1407]	Time 16.939 (16.640)	Data 15.157 (14.572)	CTC Time 0.178 (0.362)	Loss 17.7599 (15.8671)	
Epoch: [4][25/1407]	Time 16.755 (16.645)	Data 15.041 (14.591)	CTC Time 0.476 (0.367)	Loss 17.1189 (15.9172)	
Epoch: [4][26/1407]	Time 17.518 (16.678)	Data 15.158 (14.613)	CTC Time 0.311 (0.364)	Loss 16.4165 (15.9364)	
Epoch: [4][27/1407]	Time 16.460 (16.670)	Data 14.506 (14.609)	CTC Time 0.404 (0.366)	Loss 15.6991 (15.9276)	
Epoch: [4][28/1407]	Time 16.700 (16.671)	Data 14.934 (14.621)	CTC Time 0.479 (0.370)	Loss 18.2136 (16.0093)	
Epoch: [4][29/1407]	Time 16.927 (16.680)	Data 15.154 (14.639)	CTC Time 0.481 (0.374)	Loss 18.0754 (16.0805)	
Epoch: [4][30/1407]	Time 17.819 (16.718)	Data 15.129 (14.655)	CTC Time 0.350 (0.373)	Loss 17.2595 (16.1198)	
Epoch: [4][31/1407]	Time 16.049 (16.697)	Data 14.252 (14.642)	CTC Time 0.486 (0.377)	Loss 16.9860 (16.1477)	
Epoch: [4][32/1407]	Time 16.998 (16.706)	Data 15.170 (14.659)	CTC Time 0.486 (0.380)	Loss 17.3898 (16.1866)	
Epoch: [4][33/1407]	Time 17.254 (16.723)	Data 15.133 (14.673)	CTC Time 0.482 (0.383)	Loss 17.6496 (16.2309)	
Epoch: [4][34/1407]	Time 16.753 (16.723)	Data 14.915 (14.680)	CTC Time 0.485 (0.386)	Loss 19.7276 (16.3337)	
Epoch: [4][35/1407]	Time 17.599 (16.749)	Data 15.176 (14.694)	CTC Time 0.431 (0.387)	Loss 17.5600 (16.3688)	
Epoch: [4][36/1407]	Time 16.551 (16.743)	Data 14.672 (14.694)	CTC Time 0.484 (0.390)	Loss 18.8677 (16.4382)	
Epoch: [4][37/1407]	Time 17.060 (16.752)	Data 15.168 (14.707)	CTC Time 0.491 (0.393)	Loss 17.5772 (16.4690)	
Epoch: [4][38/1407]	Time 17.306 (16.766)	Data 15.195 (14.720)	CTC Time 0.489 (0.395)	Loss 18.7283 (16.5284)	
Epoch: [4][39/1407]	Time 17.588 (16.787)	Data 14.990 (14.726)	CTC Time 0.216 (0.391)	Loss 18.9564 (16.5907)	
Epoch: [4][40/1407]	Time 16.419 (16.778)	Data 14.473 (14.720)	CTC Time 0.492 (0.393)	Loss 19.8816 (16.6730)	
Epoch: [4][41/1407]	Time 17.396 (16.793)	Data 15.220 (14.732)	CTC Time 0.504 (0.396)	Loss 20.9471 (16.7772)	
Epoch: [4][42/1407]	Time 17.860 (16.819)	Data 14.982 (14.738)	CTC Time 0.214 (0.392)	Loss 19.4694 (16.8413)	
Epoch: [4][43/1407]	Time 16.394 (16.809)	Data 14.270 (14.727)	CTC Time 0.214 (0.387)	Loss 18.5420 (16.8809)	
Epoch: [4][44/1407]	Time 17.043 (16.814)	Data 15.028 (14.734)	CTC Time 0.497 (0.390)	Loss 17.2316 (16.8888)	
Epoch: [4][45/1407]	Time 18.158 (16.844)	Data 15.211 (14.745)	CTC Time 0.219 (0.386)	Loss 23.3532 (17.0325)	
Epoch: [4][46/1407]	Time 16.305 (16.832)	Data 14.257 (14.734)	CTC Time 0.497 (0.389)	Loss 20.4718 (17.1073)	
Epoch: [4][47/1407]	Time 17.387 (16.844)	Data 15.215 (14.744)	CTC Time 0.224 (0.385)	Loss 21.2449 (17.1953)	
Epoch: [4][48/1407]	Time 18.244 (16.873)	Data 15.080 (14.751)	CTC Time 0.444 (0.386)	Loss 22.3593 (17.3029)	
Epoch: [4][49/1407]	Time 16.327 (16.862)	Data 14.105 (14.738)	CTC Time 0.228 (0.383)	Loss 17.0882 (17.2985)	
Epoch: [4][50/1407]	Time 17.176 (16.868)	Data 15.072 (14.745)	CTC Time 0.509 (0.386)	Loss 21.4183 (17.3809)	
Epoch: [4][51/1407]	Time 18.459 (16.899)	Data 15.222 (14.754)	CTC Time 0.229 (0.383)	Loss 20.2711 (17.4376)	
Epoch: [4][52/1407]	Time 16.197 (16.886)	Data 14.062 (14.741)	CTC Time 0.508 (0.385)	Loss 18.8173 (17.4641)	
Epoch: [4][53/1407]	Time 17.501 (16.898)	Data 15.222 (14.750)	CTC Time 0.455 (0.386)	Loss 20.7548 (17.5262)	
Epoch: [4][54/1407]	Time 18.494 (16.927)	Data 15.068 (14.756)	CTC Time 0.456 (0.388)	Loss 20.5277 (17.5818)	
Epoch: [4][55/1407]	Time 16.281 (16.915)	Data 13.970 (14.742)	CTC Time 0.465 (0.389)	Loss 20.5855 (17.6364)	
Epoch: [4][56/1407]	Time 17.289 (16.922)	Data 15.099 (14.748)	CTC Time 0.515 (0.391)	Loss 20.9757 (17.6960)	
Epoch: [4][57/1407]	Time 18.456 (16.949)	Data 15.193 (14.756)	CTC Time 0.463 (0.392)	Loss 19.9156 (17.7349)	
Epoch: [4][58/1407]	Time 16.404 (16.940)	Data 14.168 (14.746)	CTC Time 0.515 (0.395)	Loss 22.7122 (17.8208)	
Epoch: [4][59/1407]	Time 17.655 (16.952)	Data 15.264 (14.754)	CTC Time 0.485 (0.396)	Loss 21.0524 (17.8755)	
Epoch: [4][60/1407]	Time 18.016 (16.969)	Data 15.077 (14.760)	CTC Time 0.518 (0.398)	Loss 23.9829 (17.9773)	
Epoch: [4][61/1407]	Time 16.963 (16.969)	Data 14.552 (14.756)	CTC Time 0.497 (0.400)	Loss 20.7251 (18.0224)	
Epoch: [4][62/1407]	Time 17.377 (16.976)	Data 15.079 (14.762)	CTC Time 0.522 (0.402)	Loss 21.1208 (18.0723)	
Epoch: [4][63/1407]	Time 18.662 (17.003)	Data 15.244 (14.769)	CTC Time 0.478 (0.403)	Loss 20.6700 (18.1136)	
Epoch: [4][64/1407]	Time 16.412 (16.993)	Data 14.107 (14.759)	CTC Time 0.527 (0.405)	Loss 21.7093 (18.1698)	
Epoch: [4][65/1407]	Time 18.143 (17.011)	Data 15.232 (14.766)	CTC Time 0.258 (0.403)	Loss 21.9611 (18.2281)	
Epoch: [4][66/1407]	Time 16.993 (17.011)	Data 14.646 (14.764)	CTC Time 0.526 (0.404)	Loss 20.4872 (18.2623)	
Epoch: [4][67/1407]	Time 18.510 (17.033)	Data 15.262 (14.772)	CTC Time 0.262 (0.402)	Loss 22.3185 (18.3229)	
Epoch: [4][68/1407]	Time 16.779 (17.029)	Data 14.389 (14.766)	CTC Time 0.526 (0.404)	Loss 23.1030 (18.3932)	
Epoch: [4][69/1407]	Time 17.642 (17.038)	Data 15.257 (14.773)	CTC Time 0.530 (0.406)	Loss 23.1325 (18.4618)	
Epoch: [4][70/1407]	Time 18.846 (17.064)	Data 15.249 (14.780)	CTC Time 0.276 (0.404)	Loss 25.2289 (18.5585)	
Epoch: [4][71/1407]	Time 16.508 (17.056)	Data 14.084 (14.770)	CTC Time 0.520 (0.406)	Loss 23.1884 (18.6237)	
Epoch: [4][72/1407]	Time 18.671 (17.079)	Data 15.289 (14.777)	CTC Time 0.279 (0.404)	Loss 23.0663 (18.6854)	
Epoch: [4][73/1407]	Time 16.817 (17.075)	Data 14.347 (14.772)	CTC Time 0.528 (0.406)	Loss 26.0494 (18.7863)	
Epoch: [4][74/1407]	Time 18.792 (17.098)	Data 15.264 (14.778)	CTC Time 0.274 (0.404)	Loss 23.0771 (18.8443)	
Epoch: [4][75/1407]	Time 16.723 (17.093)	Data 14.222 (14.771)	CTC Time 0.530 (0.406)	Loss 25.3767 (18.9314)	
Epoch: [4][76/1407]	Time 18.660 (17.114)	Data 15.236 (14.777)	CTC Time 0.286 (0.404)	Loss 24.8970 (19.0099)	
Epoch: [4][77/1407]	Time 16.852 (17.111)	Data 14.338 (14.771)	CTC Time 0.531 (0.406)	Loss 25.4288 (19.0932)	
Epoch: [4][78/1407]	Time 17.768 (17.119)	Data 15.239 (14.777)	CTC Time 0.529 (0.407)	Loss 24.7515 (19.1658)	
Epoch: [4][79/1407]	Time 18.755 (17.140)	Data 15.316 (14.784)	CTC Time 0.290 (0.406)	Loss 23.8853 (19.2255)	
Epoch: [4][80/1407]	Time 16.943 (17.137)	Data 14.394 (14.779)	CTC Time 0.528 (0.407)	Loss 23.4465 (19.2783)	
Epoch: [4][81/1407]	Time 19.160 (17.162)	Data 15.315 (14.786)	CTC Time 0.518 (0.409)	Loss 24.0778 (19.3375)	
Epoch: [4][82/1407]	Time 16.935 (17.159)	Data 13.992 (14.776)	CTC Time 0.291 (0.407)	Loss 24.7917 (19.4041)	
Epoch: [4][83/1407]	Time 18.633 (17.177)	Data 14.914 (14.778)	CTC Time 0.293 (0.406)	Loss 24.3593 (19.4638)	
Epoch: [4][84/1407]	Time 16.887 (17.174)	Data 14.143 (14.770)	CTC Time 0.299 (0.405)	Loss 27.0906 (19.5546)	
Epoch: [4][85/1407]	Time 19.252 (17.198)	Data 15.229 (14.776)	CTC Time 0.299 (0.403)	Loss 25.3957 (19.6233)	
Epoch: [4][86/1407]	Time 16.663 (17.192)	Data 13.906 (14.766)	CTC Time 0.301 (0.402)	Loss 23.8790 (19.6728)	
Epoch: [4][87/1407]	Time 19.520 (17.219)	Data 15.159 (14.770)	CTC Time 0.517 (0.403)	Loss 26.2643 (19.7485)	
Epoch: [4][88/1407]	Time 16.232 (17.208)	Data 13.563 (14.756)	CTC Time 0.526 (0.405)	Loss 26.5427 (19.8257)	
Epoch: [4][89/1407]	Time 18.062 (17.217)	Data 15.273 (14.762)	CTC Time 0.301 (0.404)	Loss 22.8051 (19.8592)	
Epoch: [4][90/1407]	Time 18.813 (17.235)	Data 15.184 (14.767)	CTC Time 0.309 (0.403)	Loss 24.2206 (19.9077)	
Epoch: [4][91/1407]	Time 17.275 (17.235)	Data 14.446 (14.763)	CTC Time 0.310 (0.402)	Loss 25.4235 (19.9683)	
Epoch: [4][92/1407]	Time 18.989 (17.254)	Data 15.210 (14.768)	CTC Time 0.310 (0.401)	Loss 24.1027 (20.0132)	
Epoch: [4][93/1407]	Time 17.402 (17.256)	Data 14.267 (14.763)	CTC Time 0.309 (0.400)	Loss 24.6006 (20.0625)	
Epoch: [4][94/1407]	Time 18.897 (17.273)	Data 14.910 (14.764)	CTC Time 0.307 (0.399)	Loss 26.9926 (20.1363)	
Epoch: [4][95/1407]	Time 17.302 (17.274)	Data 14.110 (14.757)	CTC Time 0.318 (0.398)	Loss 24.1720 (20.1788)	
Epoch: [4][96/1407]	Time 18.927 (17.291)	Data 14.923 (14.759)	CTC Time 0.321 (0.397)	Loss 25.1837 (20.2309)	
Epoch: [4][97/1407]	Time 17.021 (17.288)	Data 14.087 (14.752)	CTC Time 0.319 (0.396)	Loss 26.8109 (20.2987)	
Epoch: [4][98/1407]	Time 19.789 (17.314)	Data 15.190 (14.757)	CTC Time 0.520 (0.397)	Loss 27.7578 (20.3748)	
Epoch: [4][99/1407]	Time 16.516 (17.306)	Data 13.557 (14.745)	CTC Time 0.329 (0.397)	Loss 26.6591 (20.4383)	
Epoch: [4][100/1407]	Time 19.193 (17.325)	Data 15.209 (14.749)	CTC Time 0.325 (0.396)	Loss 26.8842 (20.5028)	
Epoch: [4][101/1407]	Time 17.226 (17.324)	Data 14.206 (14.744)	CTC Time 0.328 (0.395)	Loss 26.5884 (20.5630)	
Epoch: [4][102/1407]	Time 19.252 (17.342)	Data 15.264 (14.749)	CTC Time 0.327 (0.395)	Loss 26.2577 (20.6189)	
Epoch: [4][103/1407]	Time 17.537 (17.344)	Data 14.200 (14.744)	CTC Time 0.335 (0.394)	Loss 26.7379 (20.6783)	
Epoch: [4][104/1407]	Time 19.375 (17.364)	Data 14.997 (14.746)	CTC Time 0.534 (0.395)	Loss 24.9971 (20.7198)	
Epoch: [4][105/1407]	Time 17.274 (17.363)	Data 13.906 (14.738)	CTC Time 0.339 (0.395)	Loss 26.4210 (20.7741)	
Epoch: [4][106/1407]	Time 19.319 (17.381)	Data 14.926 (14.740)	CTC Time 0.526 (0.396)	Loss 28.9121 (20.8509)	
Epoch: [4][107/1407]	Time 16.986 (17.378)	Data 13.893 (14.732)	CTC Time 0.534 (0.397)	Loss 28.2499 (20.9200)	
Epoch: [4][108/1407]	Time 19.462 (17.397)	Data 15.293 (14.737)	CTC Time 0.526 (0.399)	Loss 28.3818 (20.9891)	
Epoch: [4][109/1407]	Time 17.370 (17.397)	Data 14.226 (14.732)	CTC Time 0.537 (0.400)	Loss 29.3542 (21.0658)	
Epoch: [4][110/1407]	Time 19.680 (17.418)	Data 15.231 (14.737)	CTC Time 0.533 (0.401)	Loss 31.2882 (21.1588)	
Epoch: [4][111/1407]	Time 17.109 (17.415)	Data 13.935 (14.730)	CTC Time 0.535 (0.402)	Loss 27.5464 (21.2163)	
Epoch: [4][112/1407]	Time 19.570 (17.434)	Data 15.249 (14.734)	CTC Time 0.534 (0.404)	Loss 26.9623 (21.2676)	
Epoch: [4][113/1407]	Time 17.301 (17.433)	Data 14.109 (14.729)	CTC Time 0.532 (0.405)	Loss 27.2318 (21.3204)	
Epoch: [4][114/1407]	Time 18.323 (17.441)	Data 15.245 (14.733)	CTC Time 0.530 (0.406)	Loss 28.2653 (21.3813)	
Epoch: [4][115/1407]	Time 19.668 (17.460)	Data 15.368 (14.739)	CTC Time 0.534 (0.407)	Loss 29.4505 (21.4515)	
Epoch: [4][116/1407]	Time 17.439 (17.460)	Data 14.199 (14.734)	CTC Time 0.535 (0.408)	Loss 25.5661 (21.4870)	
Epoch: [4][117/1407]	Time 19.651 (17.479)	Data 15.282 (14.739)	CTC Time 0.535 (0.409)	Loss 28.2647 (21.5449)	
Epoch: [4][118/1407]	Time 17.423 (17.478)	Data 14.121 (14.734)	CTC Time 0.535 (0.410)	Loss 27.3583 (21.5942)	
Epoch: [4][119/1407]	Time 19.478 (17.495)	Data 15.219 (14.738)	CTC Time 0.536 (0.411)	Loss 29.6421 (21.6618)	
Epoch: [4][120/1407]	Time 17.576 (17.496)	Data 14.265 (14.734)	CTC Time 0.537 (0.412)	Loss 28.1358 (21.7157)	
Epoch: [4][121/1407]	Time 19.800 (17.515)	Data 15.280 (14.738)	CTC Time 0.529 (0.413)	Loss 29.9402 (21.7837)	
Epoch: [4][122/1407]	Time 17.246 (17.512)	Data 14.046 (14.733)	CTC Time 0.524 (0.414)	Loss 29.5534 (21.8474)	
Epoch: [4][123/1407]	Time 18.766 (17.523)	Data 15.421 (14.738)	CTC Time 0.532 (0.415)	Loss 27.9086 (21.8967)	
Epoch: [4][124/1407]	Time 19.462 (17.538)	Data 15.244 (14.742)	CTC Time 0.530 (0.416)	Loss 30.1478 (21.9632)	
Epoch: [4][125/1407]	Time 18.168 (17.543)	Data 14.396 (14.740)	CTC Time 0.536 (0.417)	Loss 31.1881 (22.0370)	
Epoch: [4][126/1407]	Time 19.303 (17.557)	Data 14.875 (14.741)	CTC Time 0.535 (0.418)	Loss 30.8634 (22.1071)	
Epoch: [4][127/1407]	Time 17.492 (17.557)	Data 14.208 (14.736)	CTC Time 0.526 (0.419)	Loss 29.8590 (22.1681)	
Epoch: [4][128/1407]	Time 19.848 (17.575)	Data 15.376 (14.741)	CTC Time 0.383 (0.418)	Loss 30.4029 (22.2324)	
Epoch: [4][129/1407]	Time 18.799 (17.584)	Data 14.285 (14.738)	CTC Time 0.384 (0.418)	Loss 28.9249 (22.2843)	
Epoch: [4][130/1407]	Time 18.383 (17.590)	Data 14.181 (14.734)	CTC Time 0.385 (0.418)	Loss 30.7155 (22.3492)	
Epoch: [4][131/1407]	Time 19.105 (17.602)	Data 14.545 (14.732)	CTC Time 0.390 (0.418)	Loss 32.8305 (22.4292)	
Epoch: [4][132/1407]	Time 18.711 (17.610)	Data 14.126 (14.728)	CTC Time 0.392 (0.418)	Loss 27.9968 (22.4714)	
Epoch: [4][133/1407]	Time 18.815 (17.619)	Data 14.196 (14.724)	CTC Time 0.393 (0.417)	Loss 29.5710 (22.5247)	
Epoch: [4][134/1407]	Time 18.789 (17.628)	Data 14.166 (14.719)	CTC Time 0.393 (0.417)	Loss 29.0557 (22.5735)	
Epoch: [4][135/1407]	Time 18.787 (17.637)	Data 14.146 (14.715)	CTC Time 0.389 (0.417)	Loss 29.1374 (22.6221)	
Epoch: [4][136/1407]	Time 19.172 (17.648)	Data 14.147 (14.711)	CTC Time 0.400 (0.417)	Loss 28.5865 (22.6660)	
Epoch: [4][137/1407]	Time 18.834 (17.657)	Data 13.797 (14.704)	CTC Time 0.392 (0.417)	Loss 30.5324 (22.7234)	
Epoch: [4][138/1407]	Time 18.898 (17.666)	Data 13.854 (14.698)	CTC Time 0.394 (0.416)	Loss 29.7138 (22.7740)	
Epoch: [4][139/1407]	Time 18.495 (17.672)	Data 13.785 (14.692)	CTC Time 0.390 (0.416)	Loss 34.4829 (22.8583)	
Epoch: [4][140/1407]	Time 19.375 (17.684)	Data 14.296 (14.689)	CTC Time 0.407 (0.416)	Loss 34.0153 (22.9380)	
Epoch: [4][141/1407]	Time 18.931 (17.693)	Data 13.835 (14.683)	CTC Time 0.404 (0.416)	Loss 33.2190 (23.0109)	
Epoch: [4][142/1407]	Time 18.635 (17.699)	Data 13.875 (14.677)	CTC Time 0.409 (0.416)	Loss 32.7117 (23.0792)	
Epoch: [4][143/1407]	Time 19.417 (17.711)	Data 14.240 (14.674)	CTC Time 0.412 (0.416)	Loss 29.6804 (23.1254)	
Epoch: [4][144/1407]	Time 18.610 (17.717)	Data 13.782 (14.668)	CTC Time 0.412 (0.416)	Loss 29.4392 (23.1692)	
Epoch: [4][145/1407]	Time 18.970 (17.726)	Data 14.106 (14.664)	CTC Time 0.414 (0.416)	Loss 34.6550 (23.2484)	
Epoch: [4][146/1407]	Time 17.770 (17.726)	Data 14.195 (14.661)	CTC Time 0.534 (0.417)	Loss 30.4667 (23.2979)	
Epoch: [4][147/1407]	Time 20.656 (17.746)	Data 15.451 (14.666)	CTC Time 0.410 (0.417)	Loss 31.7552 (23.3554)	
Epoch: [4][148/1407]	Time 19.091 (17.755)	Data 13.834 (14.660)	CTC Time 0.422 (0.417)	Loss 31.3481 (23.4094)	
Epoch: [4][149/1407]	Time 18.697 (17.762)	Data 13.801 (14.655)	CTC Time 0.423 (0.417)	Loss 30.9359 (23.4599)	
Epoch: [4][150/1407]	Time 19.099 (17.771)	Data 14.172 (14.651)	CTC Time 0.415 (0.417)	Loss 33.3276 (23.5257)	
Epoch: [4][151/1407]	Time 19.117 (17.780)	Data 14.175 (14.648)	CTC Time 0.427 (0.417)	Loss 34.2397 (23.5966)	
Epoch: [4][152/1407]	Time 19.190 (17.789)	Data 14.186 (14.645)	CTC Time 0.421 (0.417)	Loss 34.3209 (23.6672)	
Epoch: [4][153/1407]	Time 17.814 (17.789)	Data 14.135 (14.642)	CTC Time 0.540 (0.418)	Loss 30.6341 (23.7127)	
Epoch: [4][154/1407]	Time 20.914 (17.809)	Data 15.511 (14.648)	CTC Time 0.435 (0.418)	Loss 34.2411 (23.7811)	
Epoch: [4][155/1407]	Time 18.837 (17.816)	Data 13.768 (14.642)	CTC Time 0.433 (0.418)	Loss 31.6651 (23.8320)	
Epoch: [4][156/1407]	Time 19.067 (17.824)	Data 14.019 (14.638)	CTC Time 0.435 (0.418)	Loss 31.3403 (23.8801)	
Epoch: [4][157/1407]	Time 19.591 (17.835)	Data 14.162 (14.635)	CTC Time 0.431 (0.418)	Loss 35.6703 (23.9552)	
Epoch: [4][158/1407]	Time 19.371 (17.845)	Data 13.829 (14.630)	CTC Time 0.527 (0.419)	Loss 35.0642 (24.0255)	
Epoch: [4][159/1407]	Time 18.870 (17.851)	Data 13.694 (14.624)	CTC Time 0.528 (0.419)	Loss 35.0837 (24.0951)	
Epoch: [4][160/1407]	Time 19.287 (17.860)	Data 14.089 (14.621)	CTC Time 0.541 (0.420)	Loss 32.3267 (24.1465)	
Epoch: [4][161/1407]	Time 17.892 (17.861)	Data 14.066 (14.617)	CTC Time 0.545 (0.421)	Loss 34.8443 (24.2129)	
Epoch: [4][162/1407]	Time 20.703 (17.878)	Data 15.475 (14.622)	CTC Time 0.539 (0.422)	Loss 33.1217 (24.2679)	
Epoch: [4][163/1407]	Time 19.358 (17.887)	Data 14.092 (14.619)	CTC Time 0.544 (0.423)	Loss 35.3498 (24.3359)	
Epoch: [4][164/1407]	Time 19.320 (17.896)	Data 14.035 (14.616)	CTC Time 0.543 (0.423)	Loss 33.3664 (24.3910)	
Epoch: [4][165/1407]	Time 19.518 (17.906)	Data 14.164 (14.613)	CTC Time 0.534 (0.424)	Loss 35.3279 (24.4573)	
Epoch: [4][166/1407]	Time 18.992 (17.912)	Data 14.043 (14.609)	CTC Time 0.538 (0.425)	Loss 33.2769 (24.5104)	
Epoch: [4][167/1407]	Time 19.476 (17.922)	Data 14.464 (14.609)	CTC Time 0.545 (0.425)	Loss 34.4093 (24.5697)	
Epoch: [4][168/1407]	Time 18.267 (17.924)	Data 14.393 (14.607)	CTC Time 0.543 (0.426)	Loss 34.8602 (24.6309)	
Epoch: [4][169/1407]	Time 20.901 (17.941)	Data 15.618 (14.613)	CTC Time 0.542 (0.427)	Loss 35.2031 (24.6935)	
Epoch: [4][170/1407]	Time 20.040 (17.954)	Data 14.228 (14.611)	CTC Time 0.542 (0.427)	Loss 35.8182 (24.7589)	
Epoch: [4][171/1407]	Time 19.378 (17.962)	Data 13.686 (14.606)	CTC Time 0.546 (0.428)	Loss 35.1762 (24.8198)	
Epoch: [4][172/1407]	Time 19.158 (17.969)	Data 13.805 (14.601)	CTC Time 0.541 (0.429)	Loss 37.1886 (24.8918)	
Epoch: [4][173/1407]	Time 19.958 (17.980)	Data 14.194 (14.599)	CTC Time 0.542 (0.429)	Loss 34.8895 (24.9495)	
Epoch: [4][174/1407]	Time 19.521 (17.989)	Data 13.763 (14.594)	CTC Time 0.543 (0.430)	Loss 32.0670 (24.9905)	
Epoch: [4][175/1407]	Time 17.877 (17.989)	Data 13.842 (14.589)	CTC Time 0.544 (0.431)	Loss 35.3043 (25.0494)	
Epoch: [4][176/1407]	Time 21.088 (18.006)	Data 15.602 (14.595)	CTC Time 0.544 (0.431)	Loss 34.5340 (25.1033)	
Epoch: [4][177/1407]	Time 20.093 (18.018)	Data 14.315 (14.594)	CTC Time 0.541 (0.432)	Loss 36.9154 (25.1700)	
Epoch: [4][178/1407]	Time 19.435 (18.026)	Data 13.997 (14.590)	CTC Time 0.546 (0.433)	Loss 34.1454 (25.2204)	
Epoch: [4][179/1407]	Time 19.775 (18.036)	Data 14.266 (14.588)	CTC Time 0.544 (0.433)	Loss 36.2458 (25.2820)	
Epoch: [4][180/1407]	Time 19.322 (18.043)	Data 14.131 (14.586)	CTC Time 0.533 (0.434)	Loss 34.5663 (25.3336)	
Epoch: [4][181/1407]	Time 20.530 (18.057)	Data 14.573 (14.586)	CTC Time 0.546 (0.434)	Loss 34.8907 (25.3864)	
Epoch: [4][182/1407]	Time 17.948 (18.056)	Data 13.792 (14.581)	CTC Time 0.548 (0.435)	Loss 33.8374 (25.4328)	
Epoch: [4][183/1407]	Time 21.209 (18.073)	Data 15.569 (14.587)	CTC Time 0.546 (0.436)	Loss 37.5396 (25.4990)	
Epoch: [4][184/1407]	Time 19.903 (18.083)	Data 14.188 (14.585)	CTC Time 0.545 (0.436)	Loss 36.0315 (25.5562)	
Epoch: [4][185/1407]	Time 19.726 (18.092)	Data 14.040 (14.582)	CTC Time 0.549 (0.437)	Loss 33.7550 (25.6006)	
Epoch: [4][186/1407]	Time 20.241 (18.104)	Data 14.135 (14.579)	CTC Time 0.537 (0.437)	Loss 35.8530 (25.6557)	
Epoch: [4][187/1407]	Time 19.432 (18.111)	Data 13.692 (14.575)	CTC Time 0.545 (0.438)	Loss 37.4458 (25.7187)	
Epoch: [4][188/1407]	Time 18.318 (18.112)	Data 14.055 (14.572)	CTC Time 0.555 (0.439)	Loss 35.2341 (25.7693)	
Epoch: [4][189/1407]	Time 21.754 (18.131)	Data 15.577 (14.577)	CTC Time 0.536 (0.439)	Loss 38.4230 (25.8363)	
Epoch: [4][190/1407]	Time 19.865 (18.140)	Data 13.685 (14.572)	CTC Time 0.557 (0.440)	Loss 39.1237 (25.9062)	
Epoch: [4][191/1407]	Time 19.540 (18.148)	Data 13.701 (14.568)	CTC Time 0.547 (0.440)	Loss 33.7645 (25.9474)	
Epoch: [4][192/1407]	Time 18.397 (18.149)	Data 14.050 (14.565)	CTC Time 0.552 (0.441)	Loss 38.4384 (26.0124)	
Epoch: [4][193/1407]	Time 21.318 (18.165)	Data 15.503 (14.570)	CTC Time 0.556 (0.441)	Loss 36.6136 (26.0674)	
Epoch: [4][194/1407]	Time 20.380 (18.177)	Data 14.085 (14.568)	CTC Time 0.538 (0.442)	Loss 36.2745 (26.1200)	
