=======================================================
***acc                       = 23.0 
***continue_from             = models/deepspeech_3.pth.tar 
***save_folder               = models/ 
***start_epoch               = -1 
***checkpoint                = True 
***seed                      = 1 
***model_path                = models/deepspeech_t1.pth.tar 
=======================================================
Directory already exists.
Using bs=8 for validation. Parameter found was 8
Loading checkpoint model models/deepspeech_3.pth.tar
tensor([ 1.4222e+02,  8.0509e+01,  6.2070e+01,  0.0000e+00,         nan,
         1.7772e-39,  1.8617e+25,  4.0690e+31,  5.8855e-44,  0.0000e+00])
DataParallel(
  (module): DeepSpeech(
    (conv): Sequential(
      (0): Conv2d(1, 32, kernel_size=(41, 11), stride=(2, 2))
      (1): BatchNorm2d(32, eps=1e-05, momentum=0.1, affine=True, track_running_stats=True)
      (2): Hardtanh(min_val=0, max_val=20, inplace)
      (3): Conv2d(32, 32, kernel_size=(21, 11), stride=(2, 1))
      (4): BatchNorm2d(32, eps=1e-05, momentum=0.1, affine=True, track_running_stats=True)
      (5): Hardtanh(min_val=0, max_val=20, inplace)
    )
    (rnns): Sequential(
      (0): BatchRNN(
        (rnn): GRU(672, 2560)
      )
      (1): BatchRNN(
        (rnn): GRU(2560, 2560)
      )
      (2): BatchRNN(
        (rnn): GRU(2560, 2560)
      )
    )
    (fc): Sequential(
      (0): SequenceWise (
      Sequential(
        (0): BatchNorm1d(2560, eps=1e-05, momentum=0.1, affine=True, track_running_stats=True)
        (1): Linear(in_features=2560, out_features=29, bias=False)
      ))
    )
    (inference_log_softmax): InferenceBatchLogSoftmax()
  )
)
Number of parameters: 103841568
1936926720
Epoch: [4][1/4395]	Time 17.061 (17.061)	Data 5.149 (5.149)	CTC Time 0.011 (0.011)	Loss 13.6342 (13.6342)	
2385378816
Epoch: [4][2/4395]	Time 0.997 (9.029)	Data 0.002 (2.576)	CTC Time 0.443 (0.227)	Loss 13.5188 (13.5765)	
2417610240
Epoch: [4][3/4395]	Time 1.082 (6.380)	Data 0.003 (1.718)	CTC Time 0.477 (0.310)	Loss 10.9712 (12.7080)	
2438394368
Epoch: [4][4/4395]	Time 4.361 (5.875)	Data 3.226 (2.095)	CTC Time 0.515 (0.362)	Loss 9.9955 (12.0299)	
2454575616
Epoch: [4][5/4395]	Time 5.265 (5.753)	Data 4.094 (2.495)	CTC Time 0.526 (0.394)	Loss 12.3146 (12.0869)	
2463124992
Epoch: [4][6/4395]	Time 5.261 (5.671)	Data 4.068 (2.757)	CTC Time 0.539 (0.419)	Loss 13.6523 (12.3478)	
2471412224
Epoch: [4][7/4395]	Time 5.279 (5.615)	Data 4.061 (2.943)	CTC Time 0.550 (0.437)	Loss 14.2408 (12.6182)	
2483121664
Epoch: [4][8/4395]	Time 5.299 (5.576)	Data 4.054 (3.082)	CTC Time 0.563 (0.453)	Loss 17.5598 (13.2359)	
2479175168
Epoch: [4][9/4395]	Time 5.242 (5.539)	Data 4.001 (3.184)	CTC Time 0.561 (0.465)	Loss 17.5149 (13.7113)	
2495749632
Epoch: [4][10/4395]	Time 5.366 (5.521)	Data 4.084 (3.274)	CTC Time 0.580 (0.477)	Loss 16.6534 (14.0056)	
2495749632
Epoch: [4][11/4395]	Time 5.309 (5.502)	Data 4.032 (3.343)	CTC Time 0.574 (0.486)	Loss 15.7841 (14.1672)	
2503512576
Epoch: [4][12/4395]	Time 5.333 (5.488)	Data 4.036 (3.401)	CTC Time 0.587 (0.494)	Loss 16.5747 (14.3679)	
2507459072
Epoch: [4][13/4395]	Time 5.316 (5.475)	Data 4.003 (3.447)	CTC Time 0.592 (0.502)	Loss 13.6786 (14.3148)	
2513110528
Epoch: [4][14/4395]	Time 5.326 (5.464)	Data 4.001 (3.487)	CTC Time 0.596 (0.508)	Loss 13.0273 (14.2229)	
2516139520
Epoch: [4][15/4395]	Time 5.318 (5.454)	Data 3.980 (3.519)	CTC Time 0.602 (0.514)	Loss 16.0778 (14.3465)	
2520087040
Epoch: [4][16/4395]	Time 5.317 (5.446)	Data 3.976 (3.548)	CTC Time 0.604 (0.520)	Loss 12.5239 (14.2326)	
2523771392
Epoch: [4][17/4395]	Time 5.321 (5.438)	Data 3.967 (3.573)	CTC Time 0.612 (0.525)	Loss 14.0311 (14.2208)	
2523771392
Epoch: [4][18/4395]	Time 5.324 (5.432)	Data 3.968 (3.595)	CTC Time 0.614 (0.530)	Loss 18.2627 (14.4453)	
2528243200
Epoch: [4][19/4395]	Time 5.346 (5.428)	Data 3.978 (3.615)	CTC Time 0.619 (0.535)	Loss 19.7452 (14.7242)	
2532320768
Epoch: [4][20/4395]	Time 5.329 (5.423)	Data 3.954 (3.632)	CTC Time 0.617 (0.539)	Loss 13.2922 (14.6526)	
2528243200
Epoch: [4][21/4395]	Time 5.283 (5.416)	Data 3.919 (3.645)	CTC Time 0.618 (0.543)	Loss 15.1501 (14.6763)	
2528243200
Epoch: [4][22/4395]	Time 5.313 (5.411)	Data 3.945 (3.659)	CTC Time 0.620 (0.546)	Loss 16.2471 (14.7477)	
2539952640
Epoch: [4][23/4395]	Time 5.363 (5.409)	Data 3.971 (3.673)	CTC Time 0.629 (0.550)	Loss 16.7281 (14.8338)	
2544948736
Epoch: [4][24/4395]	Time 5.341 (5.406)	Data 3.934 (3.683)	CTC Time 0.641 (0.554)	Loss 17.0121 (14.9246)	
2548502016
Epoch: [4][25/4395]	Time 5.365 (5.405)	Data 3.952 (3.694)	CTC Time 0.639 (0.557)	Loss 14.5593 (14.9100)	
2548502016
Epoch: [4][26/4395]	Time 5.348 (5.403)	Data 3.932 (3.703)	CTC Time 0.640 (0.560)	Loss 15.4517 (14.9308)	
2552580608
Epoch: [4][27/4395]	Time 5.354 (5.401)	Data 3.926 (3.712)	CTC Time 0.643 (0.563)	Loss 15.8582 (14.9652)	
2552580608
Epoch: [4][28/4395]	Time 5.343 (5.399)	Data 3.915 (3.719)	CTC Time 0.645 (0.566)	Loss 14.7087 (14.9560)	
2552580608
Epoch: [4][29/4395]	Time 5.351 (5.397)	Data 3.926 (3.726)	CTC Time 0.644 (0.569)	Loss 16.7093 (15.0165)	
2556658176
Epoch: [4][30/4395]	Time 5.349 (5.395)	Data 3.911 (3.732)	CTC Time 0.650 (0.572)	Loss 13.4861 (14.9655)	
2552580608
Epoch: [4][31/4395]	Time 5.334 (5.393)	Data 3.903 (3.738)	CTC Time 0.648 (0.574)	Loss 15.1595 (14.9717)	
2556658176
Epoch: [4][32/4395]	Time 5.341 (5.392)	Data 3.902 (3.743)	CTC Time 0.648 (0.576)	Loss 15.2637 (14.9808)	
2561129984
Epoch: [4][33/4395]	Time 5.361 (5.391)	Data 3.910 (3.748)	CTC Time 0.654 (0.579)	Loss 15.7616 (15.0045)	
2569810432
Epoch: [4][34/4395]	Time 5.367 (5.390)	Data 3.900 (3.752)	CTC Time 0.662 (0.581)	Loss 16.0090 (15.0340)	
2573101568
Epoch: [4][35/4395]	Time 5.359 (5.389)	Data 3.880 (3.756)	CTC Time 0.669 (0.584)	Loss 17.1112 (15.0934)	
2564552192
Epoch: [4][36/4395]	Time 5.324 (5